INFO : [lsi.ubu.solucion.GestionDonacionesSangre.main(GestionDonacionesSangre.java:30)]2026-04-27 17:10:33.550 [main] GestionDonacionesSangre - --- PREPARANDO EL ENTORNO ---
DEBUG: [lsi.ubu.util.ExecuteScript.run(ExecuteScript.java:59)]2026-04-27 17:10:33.613 [main] ExecuteScript - 
DEBUG: [lsi.ubu.util.ExecuteScript.run(ExecuteScript.java:59)]2026-04-27 17:10:33.613 [main] ExecuteScript - SQL*Plus: Release 11.2.0.2.0 Production on Lun Abr 27 17:10:33 2026
DEBUG: [lsi.ubu.util.ExecuteScript.run(ExecuteScript.java:59)]2026-04-27 17:10:33.613 [main] ExecuteScript - 
DEBUG: [lsi.ubu.util.ExecuteScript.run(ExecuteScript.java:59)]2026-04-27 17:10:33.614 [main] ExecuteScript - Copyright (c) 1982, 2011, Oracle.  All rights reserved.
DEBUG: [lsi.ubu.util.ExecuteScript.run(ExecuteScript.java:59)]2026-04-27 17:10:33.614 [main] ExecuteScript - 
DEBUG: [lsi.ubu.util.ExecuteScript.run(ExecuteScript.java:59)]2026-04-27 17:10:33.639 [main] ExecuteScript - 
DEBUG: [lsi.ubu.util.ExecuteScript.run(ExecuteScript.java:59)]2026-04-27 17:10:33.639 [main] ExecuteScript - Connected to:
DEBUG: [lsi.ubu.util.ExecuteScript.run(ExecuteScript.java:59)]2026-04-27 17:10:33.639 [main] ExecuteScript - Oracle Database 11g Express Edition Release 11.2.0.2.0 - 64bit Production
DEBUG: [lsi.ubu.util.ExecuteScript.run(ExecuteScript.java:59)]2026-04-27 17:10:33.640 [main] ExecuteScript - 
DEBUG: [lsi.ubu.util.ExecuteScript.run(ExecuteScript.java:59)]2026-04-27 17:10:33.642 [main] ExecuteScript - drop table hospital cascade constraints
DEBUG: [lsi.ubu.util.ExecuteScript.run(ExecuteScript.java:59)]2026-04-27 17:10:33.642 [main] ExecuteScript -            *
DEBUG: [lsi.ubu.util.ExecuteScript.run(ExecuteScript.java:59)]2026-04-27 17:10:33.642 [main] ExecuteScript - ERROR at line 1:
DEBUG: [lsi.ubu.util.ExecuteScript.run(ExecuteScript.java:59)]2026-04-27 17:10:33.642 [main] ExecuteScript - ORA-00942: table or view does not exist
DEBUG: [lsi.ubu.util.ExecuteScript.run(ExecuteScript.java:59)]2026-04-27 17:10:33.642 [main] ExecuteScript - 
DEBUG: [lsi.ubu.util.ExecuteScript.run(ExecuteScript.java:59)]2026-04-27 17:10:33.643 [main] ExecuteScript - 
DEBUG: [lsi.ubu.util.ExecuteScript.run(ExecuteScript.java:59)]2026-04-27 17:10:33.643 [main] ExecuteScript - drop table tipo_sangre cascade constraints
DEBUG: [lsi.ubu.util.ExecuteScript.run(ExecuteScript.java:59)]2026-04-27 17:10:33.643 [main] ExecuteScript -            *
DEBUG: [lsi.ubu.util.ExecuteScript.run(ExecuteScript.java:59)]2026-04-27 17:10:33.643 [main] ExecuteScript - ERROR at line 1:
DEBUG: [lsi.ubu.util.ExecuteScript.run(ExecuteScript.java:59)]2026-04-27 17:10:33.646 [main] ExecuteScript - ORA-00942: table or view does not exist
DEBUG: [lsi.ubu.util.ExecuteScript.run(ExecuteScript.java:59)]2026-04-27 17:10:33.646 [main] ExecuteScript - 
DEBUG: [lsi.ubu.util.ExecuteScript.run(ExecuteScript.java:59)]2026-04-27 17:10:33.646 [main] ExecuteScript - 
DEBUG: [lsi.ubu.util.ExecuteScript.run(ExecuteScript.java:59)]2026-04-27 17:10:33.646 [main] ExecuteScript - drop table reserva_hospital cascade constraints
DEBUG: [lsi.ubu.util.ExecuteScript.run(ExecuteScript.java:59)]2026-04-27 17:10:33.646 [main] ExecuteScript -            *
DEBUG: [lsi.ubu.util.ExecuteScript.run(ExecuteScript.java:59)]2026-04-27 17:10:33.646 [main] ExecuteScript - ERROR at line 1:
DEBUG: [lsi.ubu.util.ExecuteScript.run(ExecuteScript.java:59)]2026-04-27 17:10:33.647 [main] ExecuteScript - ORA-00942: table or view does not exist
DEBUG: [lsi.ubu.util.ExecuteScript.run(ExecuteScript.java:59)]2026-04-27 17:10:33.647 [main] ExecuteScript - 
DEBUG: [lsi.ubu.util.ExecuteScript.run(ExecuteScript.java:59)]2026-04-27 17:10:33.648 [main] ExecuteScript - 
DEBUG: [lsi.ubu.util.ExecuteScript.run(ExecuteScript.java:59)]2026-04-27 17:10:33.648 [main] ExecuteScript - drop table donante cascade constraints
DEBUG: [lsi.ubu.util.ExecuteScript.run(ExecuteScript.java:59)]2026-04-27 17:10:33.648 [main] ExecuteScript -            *
DEBUG: [lsi.ubu.util.ExecuteScript.run(ExecuteScript.java:59)]2026-04-27 17:10:33.648 [main] ExecuteScript - ERROR at line 1:
DEBUG: [lsi.ubu.util.ExecuteScript.run(ExecuteScript.java:59)]2026-04-27 17:10:33.648 [main] ExecuteScript - ORA-00942: table or view does not exist
DEBUG: [lsi.ubu.util.ExecuteScript.run(ExecuteScript.java:59)]2026-04-27 17:10:33.648 [main] ExecuteScript - 
DEBUG: [lsi.ubu.util.ExecuteScript.run(ExecuteScript.java:59)]2026-04-27 17:10:33.649 [main] ExecuteScript - 
DEBUG: [lsi.ubu.util.ExecuteScript.run(ExecuteScript.java:59)]2026-04-27 17:10:33.649 [main] ExecuteScript - drop table donacion cascade constraints
DEBUG: [lsi.ubu.util.ExecuteScript.run(ExecuteScript.java:59)]2026-04-27 17:10:33.649 [main] ExecuteScript -            *
DEBUG: [lsi.ubu.util.ExecuteScript.run(ExecuteScript.java:59)]2026-04-27 17:10:33.649 [main] ExecuteScript - ERROR at line 1:
DEBUG: [lsi.ubu.util.ExecuteScript.run(ExecuteScript.java:59)]2026-04-27 17:10:33.649 [main] ExecuteScript - ORA-00942: table or view does not exist
DEBUG: [lsi.ubu.util.ExecuteScript.run(ExecuteScript.java:59)]2026-04-27 17:10:33.649 [main] ExecuteScript - 
DEBUG: [lsi.ubu.util.ExecuteScript.run(ExecuteScript.java:59)]2026-04-27 17:10:33.650 [main] ExecuteScript - 
DEBUG: [lsi.ubu.util.ExecuteScript.run(ExecuteScript.java:59)]2026-04-27 17:10:33.650 [main] ExecuteScript - drop table traspaso cascade constraints
DEBUG: [lsi.ubu.util.ExecuteScript.run(ExecuteScript.java:59)]2026-04-27 17:10:33.650 [main] ExecuteScript -            *
DEBUG: [lsi.ubu.util.ExecuteScript.run(ExecuteScript.java:59)]2026-04-27 17:10:33.650 [main] ExecuteScript - ERROR at line 1:
DEBUG: [lsi.ubu.util.ExecuteScript.run(ExecuteScript.java:59)]2026-04-27 17:10:33.650 [main] ExecuteScript - ORA-00942: table or view does not exist
DEBUG: [lsi.ubu.util.ExecuteScript.run(ExecuteScript.java:59)]2026-04-27 17:10:33.650 [main] ExecuteScript - 
DEBUG: [lsi.ubu.util.ExecuteScript.run(ExecuteScript.java:59)]2026-04-27 17:10:33.650 [main] ExecuteScript - 
DEBUG: [lsi.ubu.util.ExecuteScript.run(ExecuteScript.java:59)]2026-04-27 17:10:33.650 [main] ExecuteScript - drop sequence seq_hospital
DEBUG: [lsi.ubu.util.ExecuteScript.run(ExecuteScript.java:59)]2026-04-27 17:10:33.650 [main] ExecuteScript -               *
DEBUG: [lsi.ubu.util.ExecuteScript.run(ExecuteScript.java:59)]2026-04-27 17:10:33.650 [main] ExecuteScript - ERROR at line 1:
DEBUG: [lsi.ubu.util.ExecuteScript.run(ExecuteScript.java:59)]2026-04-27 17:10:33.650 [main] ExecuteScript - ORA-02289: sequence does not exist
DEBUG: [lsi.ubu.util.ExecuteScript.run(ExecuteScript.java:59)]2026-04-27 17:10:33.651 [main] ExecuteScript - 
DEBUG: [lsi.ubu.util.ExecuteScript.run(ExecuteScript.java:59)]2026-04-27 17:10:33.651 [main] ExecuteScript - 
DEBUG: [lsi.ubu.util.ExecuteScript.run(ExecuteScript.java:59)]2026-04-27 17:10:33.651 [main] ExecuteScript - drop sequence seq_tipo_sangre
DEBUG: [lsi.ubu.util.ExecuteScript.run(ExecuteScript.java:59)]2026-04-27 17:10:33.651 [main] ExecuteScript -               *
DEBUG: [lsi.ubu.util.ExecuteScript.run(ExecuteScript.java:59)]2026-04-27 17:10:33.651 [main] ExecuteScript - ERROR at line 1:
DEBUG: [lsi.ubu.util.ExecuteScript.run(ExecuteScript.java:59)]2026-04-27 17:10:33.652 [main] ExecuteScript - ORA-02289: sequence does not exist
DEBUG: [lsi.ubu.util.ExecuteScript.run(ExecuteScript.java:59)]2026-04-27 17:10:33.652 [main] ExecuteScript - 
DEBUG: [lsi.ubu.util.ExecuteScript.run(ExecuteScript.java:59)]2026-04-27 17:10:33.652 [main] ExecuteScript - 
DEBUG: [lsi.ubu.util.ExecuteScript.run(ExecuteScript.java:59)]2026-04-27 17:10:33.652 [main] ExecuteScript - drop sequence seq_donacion
DEBUG: [lsi.ubu.util.ExecuteScript.run(ExecuteScript.java:59)]2026-04-27 17:10:33.652 [main] ExecuteScript -               *
DEBUG: [lsi.ubu.util.ExecuteScript.run(ExecuteScript.java:59)]2026-04-27 17:10:33.652 [main] ExecuteScript - ERROR at line 1:
DEBUG: [lsi.ubu.util.ExecuteScript.run(ExecuteScript.java:59)]2026-04-27 17:10:33.653 [main] ExecuteScript - ORA-02289: sequence does not exist
DEBUG: [lsi.ubu.util.ExecuteScript.run(ExecuteScript.java:59)]2026-04-27 17:10:33.653 [main] ExecuteScript - 
DEBUG: [lsi.ubu.util.ExecuteScript.run(ExecuteScript.java:59)]2026-04-27 17:10:33.653 [main] ExecuteScript - 
DEBUG: [lsi.ubu.util.ExecuteScript.run(ExecuteScript.java:59)]2026-04-27 17:10:33.653 [main] ExecuteScript - drop sequence seq_traspaso
DEBUG: [lsi.ubu.util.ExecuteScript.run(ExecuteScript.java:59)]2026-04-27 17:10:33.653 [main] ExecuteScript -               *
DEBUG: [lsi.ubu.util.ExecuteScript.run(ExecuteScript.java:59)]2026-04-27 17:10:33.653 [main] ExecuteScript - ERROR at line 1:
DEBUG: [lsi.ubu.util.ExecuteScript.run(ExecuteScript.java:59)]2026-04-27 17:10:33.653 [main] ExecuteScript - ORA-02289: sequence does not exist
DEBUG: [lsi.ubu.util.ExecuteScript.run(ExecuteScript.java:59)]2026-04-27 17:10:33.653 [main] ExecuteScript - 
DEBUG: [lsi.ubu.util.ExecuteScript.run(ExecuteScript.java:59)]2026-04-27 17:10:33.653 [main] ExecuteScript - 
DEBUG: [lsi.ubu.util.ExecuteScript.run(ExecuteScript.java:59)]2026-04-27 17:10:33.653 [main] ExecuteScript - 
DEBUG: [lsi.ubu.util.ExecuteScript.run(ExecuteScript.java:59)]2026-04-27 17:10:33.654 [main] ExecuteScript - Sequence created.
DEBUG: [lsi.ubu.util.ExecuteScript.run(ExecuteScript.java:59)]2026-04-27 17:10:33.654 [main] ExecuteScript - 
DEBUG: [lsi.ubu.util.ExecuteScript.run(ExecuteScript.java:59)]2026-04-27 17:10:33.665 [main] ExecuteScript - 
DEBUG: [lsi.ubu.util.ExecuteScript.run(ExecuteScript.java:59)]2026-04-27 17:10:33.666 [main] ExecuteScript - Table created.
DEBUG: [lsi.ubu.util.ExecuteScript.run(ExecuteScript.java:59)]2026-04-27 17:10:33.666 [main] ExecuteScript - 
DEBUG: [lsi.ubu.util.ExecuteScript.run(ExecuteScript.java:59)]2026-04-27 17:10:33.669 [main] ExecuteScript - 
DEBUG: [lsi.ubu.util.ExecuteScript.run(ExecuteScript.java:59)]2026-04-27 17:10:33.669 [main] ExecuteScript - Sequence created.
DEBUG: [lsi.ubu.util.ExecuteScript.run(ExecuteScript.java:59)]2026-04-27 17:10:33.669 [main] ExecuteScript - 
DEBUG: [lsi.ubu.util.ExecuteScript.run(ExecuteScript.java:59)]2026-04-27 17:10:33.675 [main] ExecuteScript - 
DEBUG: [lsi.ubu.util.ExecuteScript.run(ExecuteScript.java:59)]2026-04-27 17:10:33.675 [main] ExecuteScript - Table created.
DEBUG: [lsi.ubu.util.ExecuteScript.run(ExecuteScript.java:59)]2026-04-27 17:10:33.675 [main] ExecuteScript - 
DEBUG: [lsi.ubu.util.ExecuteScript.run(ExecuteScript.java:59)]2026-04-27 17:10:33.684 [main] ExecuteScript - 
DEBUG: [lsi.ubu.util.ExecuteScript.run(ExecuteScript.java:59)]2026-04-27 17:10:33.684 [main] ExecuteScript - Table created.
DEBUG: [lsi.ubu.util.ExecuteScript.run(ExecuteScript.java:59)]2026-04-27 17:10:33.684 [main] ExecuteScript - 
DEBUG: [lsi.ubu.util.ExecuteScript.run(ExecuteScript.java:59)]2026-04-27 17:10:33.694 [main] ExecuteScript - 
DEBUG: [lsi.ubu.util.ExecuteScript.run(ExecuteScript.java:59)]2026-04-27 17:10:33.694 [main] ExecuteScript - Table created.
DEBUG: [lsi.ubu.util.ExecuteScript.run(ExecuteScript.java:59)]2026-04-27 17:10:33.694 [main] ExecuteScript - 
DEBUG: [lsi.ubu.util.ExecuteScript.run(ExecuteScript.java:59)]2026-04-27 17:10:33.696 [main] ExecuteScript - 
DEBUG: [lsi.ubu.util.ExecuteScript.run(ExecuteScript.java:59)]2026-04-27 17:10:33.697 [main] ExecuteScript - Sequence created.
DEBUG: [lsi.ubu.util.ExecuteScript.run(ExecuteScript.java:59)]2026-04-27 17:10:33.697 [main] ExecuteScript - 
DEBUG: [lsi.ubu.util.ExecuteScript.run(ExecuteScript.java:59)]2026-04-27 17:10:33.707 [main] ExecuteScript - 
DEBUG: [lsi.ubu.util.ExecuteScript.run(ExecuteScript.java:59)]2026-04-27 17:10:33.707 [main] ExecuteScript - Table created.
DEBUG: [lsi.ubu.util.ExecuteScript.run(ExecuteScript.java:59)]2026-04-27 17:10:33.707 [main] ExecuteScript - 
DEBUG: [lsi.ubu.util.ExecuteScript.run(ExecuteScript.java:59)]2026-04-27 17:10:33.708 [main] ExecuteScript - 
DEBUG: [lsi.ubu.util.ExecuteScript.run(ExecuteScript.java:59)]2026-04-27 17:10:33.709 [main] ExecuteScript - Sequence created.
DEBUG: [lsi.ubu.util.ExecuteScript.run(ExecuteScript.java:59)]2026-04-27 17:10:33.709 [main] ExecuteScript - 
DEBUG: [lsi.ubu.util.ExecuteScript.run(ExecuteScript.java:59)]2026-04-27 17:10:33.723 [main] ExecuteScript - 
DEBUG: [lsi.ubu.util.ExecuteScript.run(ExecuteScript.java:59)]2026-04-27 17:10:33.723 [main] ExecuteScript - Table created.
DEBUG: [lsi.ubu.util.ExecuteScript.run(ExecuteScript.java:59)]2026-04-27 17:10:33.723 [main] ExecuteScript - 
DEBUG: [lsi.ubu.util.ExecuteScript.run(ExecuteScript.java:59)]2026-04-27 17:10:33.787 [main] ExecuteScript - 
DEBUG: [lsi.ubu.util.ExecuteScript.run(ExecuteScript.java:59)]2026-04-27 17:10:33.787 [main] ExecuteScript - Procedure created.
DEBUG: [lsi.ubu.util.ExecuteScript.run(ExecuteScript.java:59)]2026-04-27 17:10:33.787 [main] ExecuteScript - 
DEBUG: [lsi.ubu.util.ExecuteScript.run(ExecuteScript.java:59)]2026-04-27 17:10:33.836 [main] ExecuteScript - 
DEBUG: [lsi.ubu.util.ExecuteScript.run(ExecuteScript.java:59)]2026-04-27 17:10:33.836 [main] ExecuteScript - Procedure created.
DEBUG: [lsi.ubu.util.ExecuteScript.run(ExecuteScript.java:59)]2026-04-27 17:10:33.836 [main] ExecuteScript - 
DEBUG: [lsi.ubu.util.ExecuteScript.run(ExecuteScript.java:59)]2026-04-27 17:10:33.837 [main] ExecuteScript - Disconnected from Oracle Database 11g Express Edition Release 11.2.0.2.0 - 64bit Production
INFO : [lsi.ubu.util.PoolDeConexiones.getConnection(PoolDeConexiones.java:109)]2026-04-27 17:10:34.476 [main] PoolDeConexiones - Activacion de Autocommit=false
INFO : [lsi.ubu.util.PoolDeConexiones.getConnection(PoolDeConexiones.java:117)]2026-04-27 17:10:34.477 [main] PoolDeConexiones - Activacion de Autocommit=false
Nivel de Aislamiento=TRANSACTION_READ_COMMITTED
INFO : [lsi.ubu.solucion.GestionDonacionesSangre.main(GestionDonacionesSangre.java:33)]2026-04-27 17:10:34.616 [main] GestionDonacionesSangre - Base de datos reseteada con éxito.
INFO : [lsi.ubu.solucion.GestionDonacionesSangre.main(GestionDonacionesSangre.java:35)]2026-04-27 17:10:34.616 [main] GestionDonacionesSangre - --- INICIANDO BATERÍA DE PRUEBAS ---
INFO : [lsi.ubu.tests.TestDonacionesSangre.ejecutarTodosLosTests(TestDonacionesSangre.java:16)]2026-04-27 17:10:34.617 [main] TestDonacionesSangre - Comenzando ejecución de tests...
INFO : [lsi.ubu.tests.TestDonacionesSangre.testRealizarDonacion_OK(TestDonacionesSangre.java:25)]2026-04-27 17:10:34.617 [main] TestDonacionesSangre - Ejecutando testRealizarDonacion_OK...
INFO : [lsi.ubu.util.PoolDeConexiones.getConnection(PoolDeConexiones.java:109)]2026-04-27 17:10:34.617 [main] PoolDeConexiones - Activacion de Autocommit=false
INFO : [lsi.ubu.util.PoolDeConexiones.getConnection(PoolDeConexiones.java:117)]2026-04-27 17:10:34.617 [main] PoolDeConexiones - Activacion de Autocommit=false
Nivel de Aislamiento=TRANSACTION_READ_COMMITTED
ERROR: [lsi.ubu.servicios.GestionDonacionesSangreException.<init>(GestionDonacionesSangreException.java:65)]2026-04-27 17:10:34.662 [main] GestionDonacionesSangreException - Donante inexistente
INFO : [lsi.ubu.servicios.GestionDonacionesSangreException.<init>(GestionDonacionesSangreException.java:69)]2026-04-27 17:10:34.663 [main] GestionDonacionesSangreException - java.base/java.lang.Thread.getStackTrace(Thread.java:2450)
INFO : [lsi.ubu.servicios.GestionDonacionesSangreException.<init>(GestionDonacionesSangreException.java:69)]2026-04-27 17:10:34.663 [main] GestionDonacionesSangreException - lsi.ubu.servicios.GestionDonacionesSangreException.<init>(GestionDonacionesSangreException.java:68)
INFO : [lsi.ubu.servicios.GestionDonacionesSangreException.<init>(GestionDonacionesSangreException.java:69)]2026-04-27 17:10:34.663 [main] GestionDonacionesSangreException - lsi.ubu.solucion.GestionDonacionesSangre.realizar_donacion(GestionDonacionesSangre.java:79)
INFO : [lsi.ubu.servicios.GestionDonacionesSangreException.<init>(GestionDonacionesSangreException.java:69)]2026-04-27 17:10:34.663 [main] GestionDonacionesSangreException - lsi.ubu.tests.TestDonacionesSangre.testRealizarDonacion_OK(TestDonacionesSangre.java:31)
INFO : [lsi.ubu.servicios.GestionDonacionesSangreException.<init>(GestionDonacionesSangreException.java:69)]2026-04-27 17:10:34.663 [main] GestionDonacionesSangreException - lsi.ubu.tests.TestDonacionesSangre.ejecutarTodosLosTests(TestDonacionesSangre.java:18)
INFO : [lsi.ubu.servicios.GestionDonacionesSangreException.<init>(GestionDonacionesSangreException.java:69)]2026-04-27 17:10:34.663 [main] GestionDonacionesSangreException - lsi.ubu.solucion.GestionDonacionesSangre.main(GestionDonacionesSangre.java:37)
INFO : [lsi.ubu.solucion.GestionDonacionesSangre.realizar_donacion(GestionDonacionesSangre.java:147)]2026-04-27 17:10:34.666 [main] GestionDonacionesSangre - Rollback ejecutado correctamente.
ERROR: [lsi.ubu.solucion.GestionDonacionesSangre.realizar_donacion(GestionDonacionesSangre.java:158)]2026-04-27 17:10:34.667 [main] GestionDonacionesSangre - Error en la transacción de donación: null
ERROR: [lsi.ubu.tests.TestDonacionesSangre.testRealizarDonacion_OK(TestDonacionesSangre.java:36)]2026-04-27 17:10:34.668 [main] TestDonacionesSangre - -> FALLO: El testRealizarDonacion_OK ha lanzado una excepción inesperada: null
INFO : [lsi.ubu.solucion.GestionDonacionesSangre.main(GestionDonacionesSangre.java:39)]2026-04-27 17:10:34.668 [main] GestionDonacionesSangre - FIN.............
INFO : [lsi.ubu.solucion.GestionDonacionesSangre.main(GestionDonacionesSangre.java:30)]2026-04-27 17:11:50.816 [main] GestionDonacionesSangre - --- PREPARANDO EL ENTORNO ---
DEBUG: [lsi.ubu.util.ExecuteScript.run(ExecuteScript.java:59)]2026-04-27 17:11:50.844 [main] ExecuteScript - 
DEBUG: [lsi.ubu.util.ExecuteScript.run(ExecuteScript.java:59)]2026-04-27 17:11:50.844 [main] ExecuteScript - SQL*Plus: Release 11.2.0.2.0 Production on Lun Abr 27 17:11:50 2026
DEBUG: [lsi.ubu.util.ExecuteScript.run(ExecuteScript.java:59)]2026-04-27 17:11:50.844 [main] ExecuteScript - 
DEBUG: [lsi.ubu.util.ExecuteScript.run(ExecuteScript.java:59)]2026-04-27 17:11:50.844 [main] ExecuteScript - Copyright (c) 1982, 2011, Oracle.  All rights reserved.
DEBUG: [lsi.ubu.util.ExecuteScript.run(ExecuteScript.java:59)]2026-04-27 17:11:50.845 [main] ExecuteScript - 
DEBUG: [lsi.ubu.util.ExecuteScript.run(ExecuteScript.java:59)]2026-04-27 17:11:50.859 [main] ExecuteScript - 
DEBUG: [lsi.ubu.util.ExecuteScript.run(ExecuteScript.java:59)]2026-04-27 17:11:50.860 [main] ExecuteScript - Connected to:
DEBUG: [lsi.ubu.util.ExecuteScript.run(ExecuteScript.java:59)]2026-04-27 17:11:50.860 [main] ExecuteScript - Oracle Database 11g Express Edition Release 11.2.0.2.0 - 64bit Production
DEBUG: [lsi.ubu.util.ExecuteScript.run(ExecuteScript.java:59)]2026-04-27 17:11:50.860 [main] ExecuteScript - 
DEBUG: [lsi.ubu.util.ExecuteScript.run(ExecuteScript.java:59)]2026-04-27 17:11:50.885 [main] ExecuteScript - 
DEBUG: [lsi.ubu.util.ExecuteScript.run(ExecuteScript.java:59)]2026-04-27 17:11:50.885 [main] ExecuteScript - Table dropped.
DEBUG: [lsi.ubu.util.ExecuteScript.run(ExecuteScript.java:59)]2026-04-27 17:11:50.885 [main] ExecuteScript - 
DEBUG: [lsi.ubu.util.ExecuteScript.run(ExecuteScript.java:59)]2026-04-27 17:11:50.894 [main] ExecuteScript - 
DEBUG: [lsi.ubu.util.ExecuteScript.run(ExecuteScript.java:59)]2026-04-27 17:11:50.894 [main] ExecuteScript - Table dropped.
DEBUG: [lsi.ubu.util.ExecuteScript.run(ExecuteScript.java:59)]2026-04-27 17:11:50.894 [main] ExecuteScript - 
DEBUG: [lsi.ubu.util.ExecuteScript.run(ExecuteScript.java:59)]2026-04-27 17:11:50.906 [main] ExecuteScript - 
DEBUG: [lsi.ubu.util.ExecuteScript.run(ExecuteScript.java:59)]2026-04-27 17:11:50.906 [main] ExecuteScript - Table dropped.
DEBUG: [lsi.ubu.util.ExecuteScript.run(ExecuteScript.java:59)]2026-04-27 17:11:50.906 [main] ExecuteScript - 
DEBUG: [lsi.ubu.util.ExecuteScript.run(ExecuteScript.java:59)]2026-04-27 17:11:50.971 [main] ExecuteScript - 
DEBUG: [lsi.ubu.util.ExecuteScript.run(ExecuteScript.java:59)]2026-04-27 17:11:50.972 [main] ExecuteScript - Table dropped.
DEBUG: [lsi.ubu.util.ExecuteScript.run(ExecuteScript.java:59)]2026-04-27 17:11:50.972 [main] ExecuteScript - 
DEBUG: [lsi.ubu.util.ExecuteScript.run(ExecuteScript.java:59)]2026-04-27 17:11:50.985 [main] ExecuteScript - 
DEBUG: [lsi.ubu.util.ExecuteScript.run(ExecuteScript.java:59)]2026-04-27 17:11:50.985 [main] ExecuteScript - Table dropped.
DEBUG: [lsi.ubu.util.ExecuteScript.run(ExecuteScript.java:59)]2026-04-27 17:11:50.985 [main] ExecuteScript - 
DEBUG: [lsi.ubu.util.ExecuteScript.run(ExecuteScript.java:59)]2026-04-27 17:11:51.000 [main] ExecuteScript - 
DEBUG: [lsi.ubu.util.ExecuteScript.run(ExecuteScript.java:59)]2026-04-27 17:11:51.001 [main] ExecuteScript - Table dropped.
DEBUG: [lsi.ubu.util.ExecuteScript.run(ExecuteScript.java:59)]2026-04-27 17:11:51.001 [main] ExecuteScript - 
DEBUG: [lsi.ubu.util.ExecuteScript.run(ExecuteScript.java:59)]2026-04-27 17:11:51.004 [main] ExecuteScript - 
DEBUG: [lsi.ubu.util.ExecuteScript.run(ExecuteScript.java:59)]2026-04-27 17:11:51.005 [main] ExecuteScript - Sequence dropped.
DEBUG: [lsi.ubu.util.ExecuteScript.run(ExecuteScript.java:59)]2026-04-27 17:11:51.005 [main] ExecuteScript - 
DEBUG: [lsi.ubu.util.ExecuteScript.run(ExecuteScript.java:59)]2026-04-27 17:11:51.007 [main] ExecuteScript - 
DEBUG: [lsi.ubu.util.ExecuteScript.run(ExecuteScript.java:59)]2026-04-27 17:11:51.008 [main] ExecuteScript - Sequence dropped.
DEBUG: [lsi.ubu.util.ExecuteScript.run(ExecuteScript.java:59)]2026-04-27 17:11:51.008 [main] ExecuteScript - 
DEBUG: [lsi.ubu.util.ExecuteScript.run(ExecuteScript.java:59)]2026-04-27 17:11:51.010 [main] ExecuteScript - 
DEBUG: [lsi.ubu.util.ExecuteScript.run(ExecuteScript.java:59)]2026-04-27 17:11:51.011 [main] ExecuteScript - Sequence dropped.
DEBUG: [lsi.ubu.util.ExecuteScript.run(ExecuteScript.java:59)]2026-04-27 17:11:51.011 [main] ExecuteScript - 
DEBUG: [lsi.ubu.util.ExecuteScript.run(ExecuteScript.java:59)]2026-04-27 17:11:51.013 [main] ExecuteScript - 
DEBUG: [lsi.ubu.util.ExecuteScript.run(ExecuteScript.java:59)]2026-04-27 17:11:51.014 [main] ExecuteScript - Sequence dropped.
DEBUG: [lsi.ubu.util.ExecuteScript.run(ExecuteScript.java:59)]2026-04-27 17:11:51.014 [main] ExecuteScript - 
DEBUG: [lsi.ubu.util.ExecuteScript.run(ExecuteScript.java:59)]2026-04-27 17:11:51.019 [main] ExecuteScript - 
DEBUG: [lsi.ubu.util.ExecuteScript.run(ExecuteScript.java:59)]2026-04-27 17:11:51.019 [main] ExecuteScript - Sequence created.
DEBUG: [lsi.ubu.util.ExecuteScript.run(ExecuteScript.java:59)]2026-04-27 17:11:51.019 [main] ExecuteScript - 
DEBUG: [lsi.ubu.util.ExecuteScript.run(ExecuteScript.java:59)]2026-04-27 17:11:51.028 [main] ExecuteScript - 
DEBUG: [lsi.ubu.util.ExecuteScript.run(ExecuteScript.java:59)]2026-04-27 17:11:51.028 [main] ExecuteScript - Table created.
DEBUG: [lsi.ubu.util.ExecuteScript.run(ExecuteScript.java:59)]2026-04-27 17:11:51.028 [main] ExecuteScript - 
DEBUG: [lsi.ubu.util.ExecuteScript.run(ExecuteScript.java:59)]2026-04-27 17:11:51.031 [main] ExecuteScript - 
DEBUG: [lsi.ubu.util.ExecuteScript.run(ExecuteScript.java:59)]2026-04-27 17:11:51.032 [main] ExecuteScript - Sequence created.
DEBUG: [lsi.ubu.util.ExecuteScript.run(ExecuteScript.java:59)]2026-04-27 17:11:51.032 [main] ExecuteScript - 
DEBUG: [lsi.ubu.util.ExecuteScript.run(ExecuteScript.java:59)]2026-04-27 17:11:51.037 [main] ExecuteScript - 
DEBUG: [lsi.ubu.util.ExecuteScript.run(ExecuteScript.java:59)]2026-04-27 17:11:51.038 [main] ExecuteScript - Table created.
DEBUG: [lsi.ubu.util.ExecuteScript.run(ExecuteScript.java:59)]2026-04-27 17:11:51.038 [main] ExecuteScript - 
DEBUG: [lsi.ubu.util.ExecuteScript.run(ExecuteScript.java:59)]2026-04-27 17:11:51.046 [main] ExecuteScript - 
DEBUG: [lsi.ubu.util.ExecuteScript.run(ExecuteScript.java:59)]2026-04-27 17:11:51.046 [main] ExecuteScript - Table created.
DEBUG: [lsi.ubu.util.ExecuteScript.run(ExecuteScript.java:59)]2026-04-27 17:11:51.046 [main] ExecuteScript - 
DEBUG: [lsi.ubu.util.ExecuteScript.run(ExecuteScript.java:59)]2026-04-27 17:11:51.124 [main] ExecuteScript - 
DEBUG: [lsi.ubu.util.ExecuteScript.run(ExecuteScript.java:59)]2026-04-27 17:11:51.125 [main] ExecuteScript - Table created.
DEBUG: [lsi.ubu.util.ExecuteScript.run(ExecuteScript.java:59)]2026-04-27 17:11:51.125 [main] ExecuteScript - 
DEBUG: [lsi.ubu.util.ExecuteScript.run(ExecuteScript.java:59)]2026-04-27 17:11:51.128 [main] ExecuteScript - 
DEBUG: [lsi.ubu.util.ExecuteScript.run(ExecuteScript.java:59)]2026-04-27 17:11:51.129 [main] ExecuteScript - Sequence created.
DEBUG: [lsi.ubu.util.ExecuteScript.run(ExecuteScript.java:59)]2026-04-27 17:11:51.129 [main] ExecuteScript - 
DEBUG: [lsi.ubu.util.ExecuteScript.run(ExecuteScript.java:59)]2026-04-27 17:11:51.216 [main] ExecuteScript - 
DEBUG: [lsi.ubu.util.ExecuteScript.run(ExecuteScript.java:59)]2026-04-27 17:11:51.216 [main] ExecuteScript - Table created.
DEBUG: [lsi.ubu.util.ExecuteScript.run(ExecuteScript.java:59)]2026-04-27 17:11:51.216 [main] ExecuteScript - 
DEBUG: [lsi.ubu.util.ExecuteScript.run(ExecuteScript.java:59)]2026-04-27 17:11:51.218 [main] ExecuteScript - 
DEBUG: [lsi.ubu.util.ExecuteScript.run(ExecuteScript.java:59)]2026-04-27 17:11:51.219 [main] ExecuteScript - Sequence created.
DEBUG: [lsi.ubu.util.ExecuteScript.run(ExecuteScript.java:59)]2026-04-27 17:11:51.219 [main] ExecuteScript - 
DEBUG: [lsi.ubu.util.ExecuteScript.run(ExecuteScript.java:59)]2026-04-27 17:11:51.305 [main] ExecuteScript - 
DEBUG: [lsi.ubu.util.ExecuteScript.run(ExecuteScript.java:59)]2026-04-27 17:11:51.305 [main] ExecuteScript - Table created.
DEBUG: [lsi.ubu.util.ExecuteScript.run(ExecuteScript.java:59)]2026-04-27 17:11:51.306 [main] ExecuteScript - 
DEBUG: [lsi.ubu.util.ExecuteScript.run(ExecuteScript.java:59)]2026-04-27 17:11:51.307 [main] ExecuteScript - 
DEBUG: [lsi.ubu.util.ExecuteScript.run(ExecuteScript.java:59)]2026-04-27 17:11:51.308 [main] ExecuteScript - Procedure created.
DEBUG: [lsi.ubu.util.ExecuteScript.run(ExecuteScript.java:59)]2026-04-27 17:11:51.308 [main] ExecuteScript - 
DEBUG: [lsi.ubu.util.ExecuteScript.run(ExecuteScript.java:59)]2026-04-27 17:11:51.333 [main] ExecuteScript - 
DEBUG: [lsi.ubu.util.ExecuteScript.run(ExecuteScript.java:59)]2026-04-27 17:11:51.333 [main] ExecuteScript - Procedure created.
DEBUG: [lsi.ubu.util.ExecuteScript.run(ExecuteScript.java:59)]2026-04-27 17:11:51.333 [main] ExecuteScript - 
DEBUG: [lsi.ubu.util.ExecuteScript.run(ExecuteScript.java:59)]2026-04-27 17:11:51.334 [main] ExecuteScript - Disconnected from Oracle Database 11g Express Edition Release 11.2.0.2.0 - 64bit Production
INFO : [lsi.ubu.util.PoolDeConexiones.getConnection(PoolDeConexiones.java:109)]2026-04-27 17:11:51.860 [main] PoolDeConexiones - Activacion de Autocommit=false
INFO : [lsi.ubu.util.PoolDeConexiones.getConnection(PoolDeConexiones.java:117)]2026-04-27 17:11:51.862 [main] PoolDeConexiones - Activacion de Autocommit=false
Nivel de Aislamiento=TRANSACTION_READ_COMMITTED
INFO : [lsi.ubu.solucion.GestionDonacionesSangre.main(GestionDonacionesSangre.java:33)]2026-04-27 17:11:51.988 [main] GestionDonacionesSangre - Base de datos reseteada con éxito.
INFO : [lsi.ubu.solucion.GestionDonacionesSangre.main(GestionDonacionesSangre.java:35)]2026-04-27 17:11:51.988 [main] GestionDonacionesSangre - --- INICIANDO BATERÍA DE PRUEBAS ---
INFO : [lsi.ubu.tests.TestDonacionesSangre.ejecutarTodosLosTests(TestDonacionesSangre.java:16)]2026-04-27 17:11:51.989 [main] TestDonacionesSangre - Comenzando ejecución de tests...
INFO : [lsi.ubu.tests.TestDonacionesSangre.testRealizarDonacion_OK(TestDonacionesSangre.java:25)]2026-04-27 17:11:51.989 [main] TestDonacionesSangre - Ejecutando testRealizarDonacion_OK...
INFO : [lsi.ubu.util.PoolDeConexiones.getConnection(PoolDeConexiones.java:109)]2026-04-27 17:11:51.989 [main] PoolDeConexiones - Activacion de Autocommit=false
INFO : [lsi.ubu.util.PoolDeConexiones.getConnection(PoolDeConexiones.java:117)]2026-04-27 17:11:51.989 [main] PoolDeConexiones - Activacion de Autocommit=false
Nivel de Aislamiento=TRANSACTION_READ_COMMITTED
INFO : [lsi.ubu.solucion.GestionDonacionesSangre.realizar_donacion(GestionDonacionesSangre.java:137)]2026-04-27 17:11:52.046 [main] GestionDonacionesSangre - Donación realizada con éxito para el NIF: 12345678A
INFO : [lsi.ubu.tests.TestDonacionesSangre.testRealizarDonacion_OK(TestDonacionesSangre.java:33)]2026-04-27 17:11:52.046 [main] TestDonacionesSangre - -> EXITO: El testRealizarDonacion_OK ha funcionado sin lanzar excepciones.
INFO : [lsi.ubu.solucion.GestionDonacionesSangre.main(GestionDonacionesSangre.java:39)]2026-04-27 17:11:52.046 [main] GestionDonacionesSangre - FIN.............
INFO : [lsi.ubu.solucion.GestionDonacionesSangre.main(GestionDonacionesSangre.java:30)]2026-04-27 17:13:02.812 [main] GestionDonacionesSangre - --- PREPARANDO EL ENTORNO ---
DEBUG: [lsi.ubu.util.ExecuteScript.run(ExecuteScript.java:59)]2026-04-27 17:13:02.842 [main] ExecuteScript - 
DEBUG: [lsi.ubu.util.ExecuteScript.run(ExecuteScript.java:59)]2026-04-27 17:13:02.842 [main] ExecuteScript - SQL*Plus: Release 11.2.0.2.0 Production on Lun Abr 27 17:13:02 2026
DEBUG: [lsi.ubu.util.ExecuteScript.run(ExecuteScript.java:59)]2026-04-27 17:13:02.842 [main] ExecuteScript - 
DEBUG: [lsi.ubu.util.ExecuteScript.run(ExecuteScript.java:59)]2026-04-27 17:13:02.842 [main] ExecuteScript - Copyright (c) 1982, 2011, Oracle.  All rights reserved.
DEBUG: [lsi.ubu.util.ExecuteScript.run(ExecuteScript.java:59)]2026-04-27 17:13:02.842 [main] ExecuteScript - 
DEBUG: [lsi.ubu.util.ExecuteScript.run(ExecuteScript.java:59)]2026-04-27 17:13:02.856 [main] ExecuteScript - 
DEBUG: [lsi.ubu.util.ExecuteScript.run(ExecuteScript.java:59)]2026-04-27 17:13:02.856 [main] ExecuteScript - Connected to:
DEBUG: [lsi.ubu.util.ExecuteScript.run(ExecuteScript.java:59)]2026-04-27 17:13:02.856 [main] ExecuteScript - Oracle Database 11g Express Edition Release 11.2.0.2.0 - 64bit Production
DEBUG: [lsi.ubu.util.ExecuteScript.run(ExecuteScript.java:59)]2026-04-27 17:13:02.857 [main] ExecuteScript - 
DEBUG: [lsi.ubu.util.ExecuteScript.run(ExecuteScript.java:59)]2026-04-27 17:13:02.874 [main] ExecuteScript - 
DEBUG: [lsi.ubu.util.ExecuteScript.run(ExecuteScript.java:59)]2026-04-27 17:13:02.874 [main] ExecuteScript - Table dropped.
DEBUG: [lsi.ubu.util.ExecuteScript.run(ExecuteScript.java:59)]2026-04-27 17:13:02.874 [main] ExecuteScript - 
DEBUG: [lsi.ubu.util.ExecuteScript.run(ExecuteScript.java:59)]2026-04-27 17:13:02.885 [main] ExecuteScript - 
DEBUG: [lsi.ubu.util.ExecuteScript.run(ExecuteScript.java:59)]2026-04-27 17:13:02.885 [main] ExecuteScript - Table dropped.
DEBUG: [lsi.ubu.util.ExecuteScript.run(ExecuteScript.java:59)]2026-04-27 17:13:02.885 [main] ExecuteScript - 
DEBUG: [lsi.ubu.util.ExecuteScript.run(ExecuteScript.java:59)]2026-04-27 17:13:02.895 [main] ExecuteScript - 
DEBUG: [lsi.ubu.util.ExecuteScript.run(ExecuteScript.java:59)]2026-04-27 17:13:02.895 [main] ExecuteScript - Table dropped.
DEBUG: [lsi.ubu.util.ExecuteScript.run(ExecuteScript.java:59)]2026-04-27 17:13:02.895 [main] ExecuteScript - 
DEBUG: [lsi.ubu.util.ExecuteScript.run(ExecuteScript.java:59)]2026-04-27 17:13:02.954 [main] ExecuteScript - 
DEBUG: [lsi.ubu.util.ExecuteScript.run(ExecuteScript.java:59)]2026-04-27 17:13:02.954 [main] ExecuteScript - Table dropped.
DEBUG: [lsi.ubu.util.ExecuteScript.run(ExecuteScript.java:59)]2026-04-27 17:13:02.954 [main] ExecuteScript - 
DEBUG: [lsi.ubu.util.ExecuteScript.run(ExecuteScript.java:59)]2026-04-27 17:13:02.964 [main] ExecuteScript - 
DEBUG: [lsi.ubu.util.ExecuteScript.run(ExecuteScript.java:59)]2026-04-27 17:13:02.964 [main] ExecuteScript - Table dropped.
DEBUG: [lsi.ubu.util.ExecuteScript.run(ExecuteScript.java:59)]2026-04-27 17:13:02.964 [main] ExecuteScript - 
DEBUG: [lsi.ubu.util.ExecuteScript.run(ExecuteScript.java:59)]2026-04-27 17:13:03.014 [main] ExecuteScript - 
DEBUG: [lsi.ubu.util.ExecuteScript.run(ExecuteScript.java:59)]2026-04-27 17:13:03.014 [main] ExecuteScript - Table dropped.
DEBUG: [lsi.ubu.util.ExecuteScript.run(ExecuteScript.java:59)]2026-04-27 17:13:03.016 [main] ExecuteScript - 
DEBUG: [lsi.ubu.util.ExecuteScript.run(ExecuteScript.java:59)]2026-04-27 17:13:03.017 [main] ExecuteScript - 
DEBUG: [lsi.ubu.util.ExecuteScript.run(ExecuteScript.java:59)]2026-04-27 17:13:03.017 [main] ExecuteScript - Sequence dropped.
DEBUG: [lsi.ubu.util.ExecuteScript.run(ExecuteScript.java:59)]2026-04-27 17:13:03.018 [main] ExecuteScript - 
DEBUG: [lsi.ubu.util.ExecuteScript.run(ExecuteScript.java:59)]2026-04-27 17:13:03.020 [main] ExecuteScript - 
DEBUG: [lsi.ubu.util.ExecuteScript.run(ExecuteScript.java:59)]2026-04-27 17:13:03.020 [main] ExecuteScript - Sequence dropped.
DEBUG: [lsi.ubu.util.ExecuteScript.run(ExecuteScript.java:59)]2026-04-27 17:13:03.021 [main] ExecuteScript - 
DEBUG: [lsi.ubu.util.ExecuteScript.run(ExecuteScript.java:59)]2026-04-27 17:13:03.023 [main] ExecuteScript - 
DEBUG: [lsi.ubu.util.ExecuteScript.run(ExecuteScript.java:59)]2026-04-27 17:13:03.023 [main] ExecuteScript - Sequence dropped.
DEBUG: [lsi.ubu.util.ExecuteScript.run(ExecuteScript.java:59)]2026-04-27 17:13:03.024 [main] ExecuteScript - 
DEBUG: [lsi.ubu.util.ExecuteScript.run(ExecuteScript.java:59)]2026-04-27 17:13:03.026 [main] ExecuteScript - 
DEBUG: [lsi.ubu.util.ExecuteScript.run(ExecuteScript.java:59)]2026-04-27 17:13:03.026 [main] ExecuteScript - Sequence dropped.
DEBUG: [lsi.ubu.util.ExecuteScript.run(ExecuteScript.java:59)]2026-04-27 17:13:03.026 [main] ExecuteScript - 
DEBUG: [lsi.ubu.util.ExecuteScript.run(ExecuteScript.java:59)]2026-04-27 17:13:03.028 [main] ExecuteScript - 
DEBUG: [lsi.ubu.util.ExecuteScript.run(ExecuteScript.java:59)]2026-04-27 17:13:03.029 [main] ExecuteScript - Sequence created.
DEBUG: [lsi.ubu.util.ExecuteScript.run(ExecuteScript.java:59)]2026-04-27 17:13:03.029 [main] ExecuteScript - 
DEBUG: [lsi.ubu.util.ExecuteScript.run(ExecuteScript.java:59)]2026-04-27 17:13:03.036 [main] ExecuteScript - 
DEBUG: [lsi.ubu.util.ExecuteScript.run(ExecuteScript.java:59)]2026-04-27 17:13:03.036 [main] ExecuteScript - Table created.
DEBUG: [lsi.ubu.util.ExecuteScript.run(ExecuteScript.java:59)]2026-04-27 17:13:03.036 [main] ExecuteScript - 
DEBUG: [lsi.ubu.util.ExecuteScript.run(ExecuteScript.java:59)]2026-04-27 17:13:03.038 [main] ExecuteScript - 
DEBUG: [lsi.ubu.util.ExecuteScript.run(ExecuteScript.java:59)]2026-04-27 17:13:03.038 [main] ExecuteScript - Sequence created.
DEBUG: [lsi.ubu.util.ExecuteScript.run(ExecuteScript.java:59)]2026-04-27 17:13:03.039 [main] ExecuteScript - 
DEBUG: [lsi.ubu.util.ExecuteScript.run(ExecuteScript.java:59)]2026-04-27 17:13:03.044 [main] ExecuteScript - 
DEBUG: [lsi.ubu.util.ExecuteScript.run(ExecuteScript.java:59)]2026-04-27 17:13:03.045 [main] ExecuteScript - Table created.
DEBUG: [lsi.ubu.util.ExecuteScript.run(ExecuteScript.java:59)]2026-04-27 17:13:03.045 [main] ExecuteScript - 
DEBUG: [lsi.ubu.util.ExecuteScript.run(ExecuteScript.java:59)]2026-04-27 17:13:03.051 [main] ExecuteScript - 
DEBUG: [lsi.ubu.util.ExecuteScript.run(ExecuteScript.java:59)]2026-04-27 17:13:03.052 [main] ExecuteScript - Table created.
DEBUG: [lsi.ubu.util.ExecuteScript.run(ExecuteScript.java:59)]2026-04-27 17:13:03.052 [main] ExecuteScript - 
DEBUG: [lsi.ubu.util.ExecuteScript.run(ExecuteScript.java:59)]2026-04-27 17:13:03.153 [main] ExecuteScript - 
DEBUG: [lsi.ubu.util.ExecuteScript.run(ExecuteScript.java:59)]2026-04-27 17:13:03.153 [main] ExecuteScript - Table created.
DEBUG: [lsi.ubu.util.ExecuteScript.run(ExecuteScript.java:59)]2026-04-27 17:13:03.153 [main] ExecuteScript - 
DEBUG: [lsi.ubu.util.ExecuteScript.run(ExecuteScript.java:59)]2026-04-27 17:13:03.156 [main] ExecuteScript - 
DEBUG: [lsi.ubu.util.ExecuteScript.run(ExecuteScript.java:59)]2026-04-27 17:13:03.157 [main] ExecuteScript - Sequence created.
DEBUG: [lsi.ubu.util.ExecuteScript.run(ExecuteScript.java:59)]2026-04-27 17:13:03.157 [main] ExecuteScript - 
DEBUG: [lsi.ubu.util.ExecuteScript.run(ExecuteScript.java:59)]2026-04-27 17:13:03.249 [main] ExecuteScript - 
DEBUG: [lsi.ubu.util.ExecuteScript.run(ExecuteScript.java:59)]2026-04-27 17:13:03.249 [main] ExecuteScript - Table created.
DEBUG: [lsi.ubu.util.ExecuteScript.run(ExecuteScript.java:59)]2026-04-27 17:13:03.249 [main] ExecuteScript - 
DEBUG: [lsi.ubu.util.ExecuteScript.run(ExecuteScript.java:59)]2026-04-27 17:13:03.251 [main] ExecuteScript - 
DEBUG: [lsi.ubu.util.ExecuteScript.run(ExecuteScript.java:59)]2026-04-27 17:13:03.251 [main] ExecuteScript - Sequence created.
DEBUG: [lsi.ubu.util.ExecuteScript.run(ExecuteScript.java:59)]2026-04-27 17:13:03.251 [main] ExecuteScript - 
DEBUG: [lsi.ubu.util.ExecuteScript.run(ExecuteScript.java:59)]2026-04-27 17:13:03.355 [main] ExecuteScript - 
DEBUG: [lsi.ubu.util.ExecuteScript.run(ExecuteScript.java:59)]2026-04-27 17:13:03.355 [main] ExecuteScript - Table created.
DEBUG: [lsi.ubu.util.ExecuteScript.run(ExecuteScript.java:59)]2026-04-27 17:13:03.355 [main] ExecuteScript - 
DEBUG: [lsi.ubu.util.ExecuteScript.run(ExecuteScript.java:59)]2026-04-27 17:13:03.357 [main] ExecuteScript - 
DEBUG: [lsi.ubu.util.ExecuteScript.run(ExecuteScript.java:59)]2026-04-27 17:13:03.357 [main] ExecuteScript - Procedure created.
DEBUG: [lsi.ubu.util.ExecuteScript.run(ExecuteScript.java:59)]2026-04-27 17:13:03.357 [main] ExecuteScript - 
DEBUG: [lsi.ubu.util.ExecuteScript.run(ExecuteScript.java:59)]2026-04-27 17:13:03.376 [main] ExecuteScript - 
DEBUG: [lsi.ubu.util.ExecuteScript.run(ExecuteScript.java:59)]2026-04-27 17:13:03.377 [main] ExecuteScript - Procedure created.
DEBUG: [lsi.ubu.util.ExecuteScript.run(ExecuteScript.java:59)]2026-04-27 17:13:03.377 [main] ExecuteScript - 
DEBUG: [lsi.ubu.util.ExecuteScript.run(ExecuteScript.java:59)]2026-04-27 17:13:03.377 [main] ExecuteScript - Disconnected from Oracle Database 11g Express Edition Release 11.2.0.2.0 - 64bit Production
INFO : [lsi.ubu.util.PoolDeConexiones.getConnection(PoolDeConexiones.java:109)]2026-04-27 17:13:03.891 [main] PoolDeConexiones - Activacion de Autocommit=false
INFO : [lsi.ubu.util.PoolDeConexiones.getConnection(PoolDeConexiones.java:117)]2026-04-27 17:13:03.893 [main] PoolDeConexiones - Activacion de Autocommit=false
Nivel de Aislamiento=TRANSACTION_READ_COMMITTED
INFO : [lsi.ubu.solucion.GestionDonacionesSangre.main(GestionDonacionesSangre.java:33)]2026-04-27 17:13:04.026 [main] GestionDonacionesSangre - Base de datos reseteada con éxito.
INFO : [lsi.ubu.solucion.GestionDonacionesSangre.main(GestionDonacionesSangre.java:35)]2026-04-27 17:13:04.026 [main] GestionDonacionesSangre - --- INICIANDO BATERÍA DE PRUEBAS ---
INFO : [lsi.ubu.tests.TestDonacionesSangre.ejecutarTodosLosTests(TestDonacionesSangre.java:16)]2026-04-27 17:13:04.026 [main] TestDonacionesSangre - Comenzando ejecución de tests...
INFO : [lsi.ubu.tests.TestDonacionesSangre.testRealizarDonacion_OK(TestDonacionesSangre.java:25)]2026-04-27 17:13:04.026 [main] TestDonacionesSangre - Ejecutando testRealizarDonacion_OK...
INFO : [lsi.ubu.util.PoolDeConexiones.getConnection(PoolDeConexiones.java:109)]2026-04-27 17:13:04.027 [main] PoolDeConexiones - Activacion de Autocommit=false
INFO : [lsi.ubu.util.PoolDeConexiones.getConnection(PoolDeConexiones.java:117)]2026-04-27 17:13:04.027 [main] PoolDeConexiones - Activacion de Autocommit=false
Nivel de Aislamiento=TRANSACTION_READ_COMMITTED
ERROR: [lsi.ubu.servicios.GestionDonacionesSangreException.<init>(GestionDonacionesSangreException.java:65)]2026-04-27 17:13:04.068 [main] GestionDonacionesSangreException - Donante inexistente
INFO : [lsi.ubu.servicios.GestionDonacionesSangreException.<init>(GestionDonacionesSangreException.java:69)]2026-04-27 17:13:04.071 [main] GestionDonacionesSangreException - java.base/java.lang.Thread.getStackTrace(Thread.java:2450)
INFO : [lsi.ubu.servicios.GestionDonacionesSangreException.<init>(GestionDonacionesSangreException.java:69)]2026-04-27 17:13:04.071 [main] GestionDonacionesSangreException - lsi.ubu.servicios.GestionDonacionesSangreException.<init>(GestionDonacionesSangreException.java:68)
INFO : [lsi.ubu.servicios.GestionDonacionesSangreException.<init>(GestionDonacionesSangreException.java:69)]2026-04-27 17:13:04.071 [main] GestionDonacionesSangreException - lsi.ubu.solucion.GestionDonacionesSangre.realizar_donacion(GestionDonacionesSangre.java:79)
INFO : [lsi.ubu.servicios.GestionDonacionesSangreException.<init>(GestionDonacionesSangreException.java:69)]2026-04-27 17:13:04.071 [main] GestionDonacionesSangreException - lsi.ubu.tests.TestDonacionesSangre.testRealizarDonacion_OK(TestDonacionesSangre.java:31)
INFO : [lsi.ubu.servicios.GestionDonacionesSangreException.<init>(GestionDonacionesSangreException.java:69)]2026-04-27 17:13:04.071 [main] GestionDonacionesSangreException - lsi.ubu.tests.TestDonacionesSangre.ejecutarTodosLosTests(TestDonacionesSangre.java:18)
INFO : [lsi.ubu.servicios.GestionDonacionesSangreException.<init>(GestionDonacionesSangreException.java:69)]2026-04-27 17:13:04.071 [main] GestionDonacionesSangreException - lsi.ubu.solucion.GestionDonacionesSangre.main(GestionDonacionesSangre.java:37)
INFO : [lsi.ubu.solucion.GestionDonacionesSangre.realizar_donacion(GestionDonacionesSangre.java:147)]2026-04-27 17:13:04.071 [main] GestionDonacionesSangre - Rollback ejecutado correctamente.
ERROR: [lsi.ubu.solucion.GestionDonacionesSangre.realizar_donacion(GestionDonacionesSangre.java:158)]2026-04-27 17:13:04.072 [main] GestionDonacionesSangre - Error en la transacción de donación: null
ERROR: [lsi.ubu.tests.TestDonacionesSangre.testRealizarDonacion_OK(TestDonacionesSangre.java:36)]2026-04-27 17:13:04.074 [main] TestDonacionesSangre - -> FALLO: El testRealizarDonacion_OK ha lanzado una excepción inesperada: null
INFO : [lsi.ubu.solucion.GestionDonacionesSangre.main(GestionDonacionesSangre.java:39)]2026-04-27 17:13:04.075 [main] GestionDonacionesSangre - FIN.............
INFO : [lsi.ubu.solucion.GestionDonacionesSangre.main(GestionDonacionesSangre.java:30)]2026-04-27 17:16:19.280 [main] GestionDonacionesSangre - --- PREPARANDO EL ENTORNO ---
DEBUG: [lsi.ubu.util.ExecuteScript.run(ExecuteScript.java:59)]2026-04-27 17:16:19.314 [main] ExecuteScript - 
DEBUG: [lsi.ubu.util.ExecuteScript.run(ExecuteScript.java:59)]2026-04-27 17:16:19.315 [main] ExecuteScript - SQL*Plus: Release 11.2.0.2.0 Production on Lun Abr 27 17:16:19 2026
DEBUG: [lsi.ubu.util.ExecuteScript.run(ExecuteScript.java:59)]2026-04-27 17:16:19.315 [main] ExecuteScript - 
DEBUG: [lsi.ubu.util.ExecuteScript.run(ExecuteScript.java:59)]2026-04-27 17:16:19.316 [main] ExecuteScript - Copyright (c) 1982, 2011, Oracle.  All rights reserved.
DEBUG: [lsi.ubu.util.ExecuteScript.run(ExecuteScript.java:59)]2026-04-27 17:16:19.316 [main] ExecuteScript - 
DEBUG: [lsi.ubu.util.ExecuteScript.run(ExecuteScript.java:59)]2026-04-27 17:16:19.339 [main] ExecuteScript - 
DEBUG: [lsi.ubu.util.ExecuteScript.run(ExecuteScript.java:59)]2026-04-27 17:16:19.339 [main] ExecuteScript - Connected to:
DEBUG: [lsi.ubu.util.ExecuteScript.run(ExecuteScript.java:59)]2026-04-27 17:16:19.339 [main] ExecuteScript - Oracle Database 11g Express Edition Release 11.2.0.2.0 - 64bit Production
DEBUG: [lsi.ubu.util.ExecuteScript.run(ExecuteScript.java:59)]2026-04-27 17:16:19.339 [main] ExecuteScript - 
DEBUG: [lsi.ubu.util.ExecuteScript.run(ExecuteScript.java:59)]2026-04-27 17:16:19.360 [main] ExecuteScript - 
DEBUG: [lsi.ubu.util.ExecuteScript.run(ExecuteScript.java:59)]2026-04-27 17:16:19.360 [main] ExecuteScript - Table dropped.
DEBUG: [lsi.ubu.util.ExecuteScript.run(ExecuteScript.java:59)]2026-04-27 17:16:19.360 [main] ExecuteScript - 
DEBUG: [lsi.ubu.util.ExecuteScript.run(ExecuteScript.java:59)]2026-04-27 17:16:19.371 [main] ExecuteScript - 
DEBUG: [lsi.ubu.util.ExecuteScript.run(ExecuteScript.java:59)]2026-04-27 17:16:19.371 [main] ExecuteScript - Table dropped.
DEBUG: [lsi.ubu.util.ExecuteScript.run(ExecuteScript.java:59)]2026-04-27 17:16:19.371 [main] ExecuteScript - 
DEBUG: [lsi.ubu.util.ExecuteScript.run(ExecuteScript.java:59)]2026-04-27 17:16:19.411 [main] ExecuteScript - 
DEBUG: [lsi.ubu.util.ExecuteScript.run(ExecuteScript.java:59)]2026-04-27 17:16:19.412 [main] ExecuteScript - Table dropped.
DEBUG: [lsi.ubu.util.ExecuteScript.run(ExecuteScript.java:59)]2026-04-27 17:16:19.412 [main] ExecuteScript - 
DEBUG: [lsi.ubu.util.ExecuteScript.run(ExecuteScript.java:59)]2026-04-27 17:16:19.476 [main] ExecuteScript - 
DEBUG: [lsi.ubu.util.ExecuteScript.run(ExecuteScript.java:59)]2026-04-27 17:16:19.476 [main] ExecuteScript - Table dropped.
DEBUG: [lsi.ubu.util.ExecuteScript.run(ExecuteScript.java:59)]2026-04-27 17:16:19.476 [main] ExecuteScript - 
DEBUG: [lsi.ubu.util.ExecuteScript.run(ExecuteScript.java:59)]2026-04-27 17:16:19.498 [main] ExecuteScript - 
DEBUG: [lsi.ubu.util.ExecuteScript.run(ExecuteScript.java:59)]2026-04-27 17:16:19.498 [main] ExecuteScript - Table dropped.
DEBUG: [lsi.ubu.util.ExecuteScript.run(ExecuteScript.java:59)]2026-04-27 17:16:19.499 [main] ExecuteScript - 
DEBUG: [lsi.ubu.util.ExecuteScript.run(ExecuteScript.java:59)]2026-04-27 17:16:19.508 [main] ExecuteScript - 
DEBUG: [lsi.ubu.util.ExecuteScript.run(ExecuteScript.java:59)]2026-04-27 17:16:19.509 [main] ExecuteScript - Table dropped.
DEBUG: [lsi.ubu.util.ExecuteScript.run(ExecuteScript.java:59)]2026-04-27 17:16:19.509 [main] ExecuteScript - 
DEBUG: [lsi.ubu.util.ExecuteScript.run(ExecuteScript.java:59)]2026-04-27 17:16:19.511 [main] ExecuteScript - 
DEBUG: [lsi.ubu.util.ExecuteScript.run(ExecuteScript.java:59)]2026-04-27 17:16:19.511 [main] ExecuteScript - Sequence dropped.
DEBUG: [lsi.ubu.util.ExecuteScript.run(ExecuteScript.java:59)]2026-04-27 17:16:19.511 [main] ExecuteScript - 
DEBUG: [lsi.ubu.util.ExecuteScript.run(ExecuteScript.java:59)]2026-04-27 17:16:19.513 [main] ExecuteScript - 
DEBUG: [lsi.ubu.util.ExecuteScript.run(ExecuteScript.java:59)]2026-04-27 17:16:19.514 [main] ExecuteScript - Sequence dropped.
DEBUG: [lsi.ubu.util.ExecuteScript.run(ExecuteScript.java:59)]2026-04-27 17:16:19.514 [main] ExecuteScript - 
DEBUG: [lsi.ubu.util.ExecuteScript.run(ExecuteScript.java:59)]2026-04-27 17:16:19.516 [main] ExecuteScript - 
DEBUG: [lsi.ubu.util.ExecuteScript.run(ExecuteScript.java:59)]2026-04-27 17:16:19.516 [main] ExecuteScript - Sequence dropped.
DEBUG: [lsi.ubu.util.ExecuteScript.run(ExecuteScript.java:59)]2026-04-27 17:16:19.516 [main] ExecuteScript - 
DEBUG: [lsi.ubu.util.ExecuteScript.run(ExecuteScript.java:59)]2026-04-27 17:16:19.520 [main] ExecuteScript - 
DEBUG: [lsi.ubu.util.ExecuteScript.run(ExecuteScript.java:59)]2026-04-27 17:16:19.520 [main] ExecuteScript - Sequence dropped.
DEBUG: [lsi.ubu.util.ExecuteScript.run(ExecuteScript.java:59)]2026-04-27 17:16:19.521 [main] ExecuteScript - 
DEBUG: [lsi.ubu.util.ExecuteScript.run(ExecuteScript.java:59)]2026-04-27 17:16:19.522 [main] ExecuteScript - 
DEBUG: [lsi.ubu.util.ExecuteScript.run(ExecuteScript.java:59)]2026-04-27 17:16:19.523 [main] ExecuteScript - Sequence created.
DEBUG: [lsi.ubu.util.ExecuteScript.run(ExecuteScript.java:59)]2026-04-27 17:16:19.523 [main] ExecuteScript - 
DEBUG: [lsi.ubu.util.ExecuteScript.run(ExecuteScript.java:59)]2026-04-27 17:16:19.529 [main] ExecuteScript - 
DEBUG: [lsi.ubu.util.ExecuteScript.run(ExecuteScript.java:59)]2026-04-27 17:16:19.529 [main] ExecuteScript - Table created.
DEBUG: [lsi.ubu.util.ExecuteScript.run(ExecuteScript.java:59)]2026-04-27 17:16:19.529 [main] ExecuteScript - 
DEBUG: [lsi.ubu.util.ExecuteScript.run(ExecuteScript.java:59)]2026-04-27 17:16:19.531 [main] ExecuteScript - 
DEBUG: [lsi.ubu.util.ExecuteScript.run(ExecuteScript.java:59)]2026-04-27 17:16:19.531 [main] ExecuteScript - Sequence created.
DEBUG: [lsi.ubu.util.ExecuteScript.run(ExecuteScript.java:59)]2026-04-27 17:16:19.531 [main] ExecuteScript - 
DEBUG: [lsi.ubu.util.ExecuteScript.run(ExecuteScript.java:59)]2026-04-27 17:16:19.535 [main] ExecuteScript - 
DEBUG: [lsi.ubu.util.ExecuteScript.run(ExecuteScript.java:59)]2026-04-27 17:16:19.535 [main] ExecuteScript - Table created.
DEBUG: [lsi.ubu.util.ExecuteScript.run(ExecuteScript.java:59)]2026-04-27 17:16:19.535 [main] ExecuteScript - 
DEBUG: [lsi.ubu.util.ExecuteScript.run(ExecuteScript.java:59)]2026-04-27 17:16:19.542 [main] ExecuteScript - 
DEBUG: [lsi.ubu.util.ExecuteScript.run(ExecuteScript.java:59)]2026-04-27 17:16:19.542 [main] ExecuteScript - Table created.
DEBUG: [lsi.ubu.util.ExecuteScript.run(ExecuteScript.java:59)]2026-04-27 17:16:19.542 [main] ExecuteScript - 
DEBUG: [lsi.ubu.util.ExecuteScript.run(ExecuteScript.java:59)]2026-04-27 17:16:19.633 [main] ExecuteScript - 
DEBUG: [lsi.ubu.util.ExecuteScript.run(ExecuteScript.java:59)]2026-04-27 17:16:19.633 [main] ExecuteScript - Table created.
DEBUG: [lsi.ubu.util.ExecuteScript.run(ExecuteScript.java:59)]2026-04-27 17:16:19.633 [main] ExecuteScript - 
DEBUG: [lsi.ubu.util.ExecuteScript.run(ExecuteScript.java:59)]2026-04-27 17:16:19.636 [main] ExecuteScript - 
DEBUG: [lsi.ubu.util.ExecuteScript.run(ExecuteScript.java:59)]2026-04-27 17:16:19.636 [main] ExecuteScript - Sequence created.
DEBUG: [lsi.ubu.util.ExecuteScript.run(ExecuteScript.java:59)]2026-04-27 17:16:19.636 [main] ExecuteScript - 
DEBUG: [lsi.ubu.util.ExecuteScript.run(ExecuteScript.java:59)]2026-04-27 17:16:19.736 [main] ExecuteScript - 
DEBUG: [lsi.ubu.util.ExecuteScript.run(ExecuteScript.java:59)]2026-04-27 17:16:19.737 [main] ExecuteScript - Table created.
DEBUG: [lsi.ubu.util.ExecuteScript.run(ExecuteScript.java:59)]2026-04-27 17:16:19.737 [main] ExecuteScript - 
DEBUG: [lsi.ubu.util.ExecuteScript.run(ExecuteScript.java:59)]2026-04-27 17:16:19.742 [main] ExecuteScript - 
DEBUG: [lsi.ubu.util.ExecuteScript.run(ExecuteScript.java:59)]2026-04-27 17:16:19.742 [main] ExecuteScript - Sequence created.
DEBUG: [lsi.ubu.util.ExecuteScript.run(ExecuteScript.java:59)]2026-04-27 17:16:19.742 [main] ExecuteScript - 
DEBUG: [lsi.ubu.util.ExecuteScript.run(ExecuteScript.java:59)]2026-04-27 17:16:19.824 [main] ExecuteScript - 
DEBUG: [lsi.ubu.util.ExecuteScript.run(ExecuteScript.java:59)]2026-04-27 17:16:19.824 [main] ExecuteScript - Table created.
DEBUG: [lsi.ubu.util.ExecuteScript.run(ExecuteScript.java:59)]2026-04-27 17:16:19.824 [main] ExecuteScript - 
DEBUG: [lsi.ubu.util.ExecuteScript.run(ExecuteScript.java:59)]2026-04-27 17:16:19.825 [main] ExecuteScript - 
DEBUG: [lsi.ubu.util.ExecuteScript.run(ExecuteScript.java:59)]2026-04-27 17:16:19.826 [main] ExecuteScript - Procedure created.
DEBUG: [lsi.ubu.util.ExecuteScript.run(ExecuteScript.java:59)]2026-04-27 17:16:19.826 [main] ExecuteScript - 
DEBUG: [lsi.ubu.util.ExecuteScript.run(ExecuteScript.java:59)]2026-04-27 17:16:19.850 [main] ExecuteScript - 
DEBUG: [lsi.ubu.util.ExecuteScript.run(ExecuteScript.java:59)]2026-04-27 17:16:19.850 [main] ExecuteScript - Procedure created.
DEBUG: [lsi.ubu.util.ExecuteScript.run(ExecuteScript.java:59)]2026-04-27 17:16:19.850 [main] ExecuteScript - 
DEBUG: [lsi.ubu.util.ExecuteScript.run(ExecuteScript.java:59)]2026-04-27 17:16:19.850 [main] ExecuteScript - Disconnected from Oracle Database 11g Express Edition Release 11.2.0.2.0 - 64bit Production
INFO : [lsi.ubu.util.PoolDeConexiones.getConnection(PoolDeConexiones.java:109)]2026-04-27 17:16:20.320 [main] PoolDeConexiones - Activacion de Autocommit=false
INFO : [lsi.ubu.util.PoolDeConexiones.getConnection(PoolDeConexiones.java:117)]2026-04-27 17:16:20.322 [main] PoolDeConexiones - Activacion de Autocommit=false
Nivel de Aislamiento=TRANSACTION_READ_COMMITTED
INFO : [lsi.ubu.solucion.GestionDonacionesSangre.main(GestionDonacionesSangre.java:33)]2026-04-27 17:16:20.438 [main] GestionDonacionesSangre - Base de datos reseteada con éxito.
INFO : [lsi.ubu.solucion.GestionDonacionesSangre.main(GestionDonacionesSangre.java:35)]2026-04-27 17:16:20.438 [main] GestionDonacionesSangre - --- INICIANDO BATERÍA DE PRUEBAS ---
INFO : [lsi.ubu.tests.TestDonacionesSangre.ejecutarTodosLosTests(TestDonacionesSangre.java:16)]2026-04-27 17:16:20.440 [main] TestDonacionesSangre - Comenzando ejecución de tests...
INFO : [lsi.ubu.tests.TestDonacionesSangre.testRealizarDonacion_OK(TestDonacionesSangre.java:25)]2026-04-27 17:16:20.440 [main] TestDonacionesSangre - Ejecutando testRealizarDonacion_OK...
INFO : [lsi.ubu.util.PoolDeConexiones.getConnection(PoolDeConexiones.java:109)]2026-04-27 17:16:20.441 [main] PoolDeConexiones - Activacion de Autocommit=false
INFO : [lsi.ubu.util.PoolDeConexiones.getConnection(PoolDeConexiones.java:117)]2026-04-27 17:16:20.441 [main] PoolDeConexiones - Activacion de Autocommit=false
Nivel de Aislamiento=TRANSACTION_READ_COMMITTED
INFO : [lsi.ubu.solucion.GestionDonacionesSangre.realizar_donacion(GestionDonacionesSangre.java:137)]2026-04-27 17:16:20.495 [main] GestionDonacionesSangre - Donación realizada con éxito para el NIF: 12345678A
INFO : [lsi.ubu.tests.TestDonacionesSangre.testRealizarDonacion_OK(TestDonacionesSangre.java:33)]2026-04-27 17:16:20.495 [main] TestDonacionesSangre - -> EXITO: El testRealizarDonacion_OK ha funcionado sin lanzar excepciones.
INFO : [lsi.ubu.solucion.GestionDonacionesSangre.main(GestionDonacionesSangre.java:39)]2026-04-27 17:16:20.495 [main] GestionDonacionesSangre - FIN.............
INFO : [lsi.ubu.solucion.GestionDonacionesSangre.main(GestionDonacionesSangre.java:30)]2026-04-28 19:08:52.874 [main] GestionDonacionesSangre - --- PREPARANDO EL ENTORNO ---
DEBUG: [lsi.ubu.util.ExecuteScript.run(ExecuteScript.java:59)]2026-04-28 19:08:52.959 [main] ExecuteScript - 
DEBUG: [lsi.ubu.util.ExecuteScript.run(ExecuteScript.java:59)]2026-04-28 19:08:52.959 [main] ExecuteScript - SQL*Plus: Release 11.2.0.2.0 Production on Mar Abr 28 19:08:52 2026
DEBUG: [lsi.ubu.util.ExecuteScript.run(ExecuteScript.java:59)]2026-04-28 19:08:52.959 [main] ExecuteScript - 
DEBUG: [lsi.ubu.util.ExecuteScript.run(ExecuteScript.java:59)]2026-04-28 19:08:52.959 [main] ExecuteScript - Copyright (c) 1982, 2011, Oracle.  All rights reserved.
DEBUG: [lsi.ubu.util.ExecuteScript.run(ExecuteScript.java:59)]2026-04-28 19:08:52.959 [main] ExecuteScript - 
DEBUG: [lsi.ubu.util.ExecuteScript.run(ExecuteScript.java:59)]2026-04-28 19:08:52.995 [main] ExecuteScript - 
DEBUG: [lsi.ubu.util.ExecuteScript.run(ExecuteScript.java:59)]2026-04-28 19:08:52.996 [main] ExecuteScript - Connected to:
DEBUG: [lsi.ubu.util.ExecuteScript.run(ExecuteScript.java:59)]2026-04-28 19:08:52.996 [main] ExecuteScript - Oracle Database 11g Express Edition Release 11.2.0.2.0 - 64bit Production
DEBUG: [lsi.ubu.util.ExecuteScript.run(ExecuteScript.java:59)]2026-04-28 19:08:52.996 [main] ExecuteScript - 
DEBUG: [lsi.ubu.util.ExecuteScript.run(ExecuteScript.java:59)]2026-04-28 19:08:53.045 [main] ExecuteScript - 
DEBUG: [lsi.ubu.util.ExecuteScript.run(ExecuteScript.java:59)]2026-04-28 19:08:53.045 [main] ExecuteScript - Table dropped.
DEBUG: [lsi.ubu.util.ExecuteScript.run(ExecuteScript.java:59)]2026-04-28 19:08:53.045 [main] ExecuteScript - 
DEBUG: [lsi.ubu.util.ExecuteScript.run(ExecuteScript.java:59)]2026-04-28 19:08:53.056 [main] ExecuteScript - 
DEBUG: [lsi.ubu.util.ExecuteScript.run(ExecuteScript.java:59)]2026-04-28 19:08:53.056 [main] ExecuteScript - Table dropped.
DEBUG: [lsi.ubu.util.ExecuteScript.run(ExecuteScript.java:59)]2026-04-28 19:08:53.056 [main] ExecuteScript - 
DEBUG: [lsi.ubu.util.ExecuteScript.run(ExecuteScript.java:59)]2026-04-28 19:08:53.070 [main] ExecuteScript - 
DEBUG: [lsi.ubu.util.ExecuteScript.run(ExecuteScript.java:59)]2026-04-28 19:08:53.070 [main] ExecuteScript - Table dropped.
DEBUG: [lsi.ubu.util.ExecuteScript.run(ExecuteScript.java:59)]2026-04-28 19:08:53.070 [main] ExecuteScript - 
DEBUG: [lsi.ubu.util.ExecuteScript.run(ExecuteScript.java:59)]2026-04-28 19:08:53.141 [main] ExecuteScript - 
DEBUG: [lsi.ubu.util.ExecuteScript.run(ExecuteScript.java:59)]2026-04-28 19:08:53.141 [main] ExecuteScript - Table dropped.
DEBUG: [lsi.ubu.util.ExecuteScript.run(ExecuteScript.java:59)]2026-04-28 19:08:53.141 [main] ExecuteScript - 
DEBUG: [lsi.ubu.util.ExecuteScript.run(ExecuteScript.java:59)]2026-04-28 19:08:53.152 [main] ExecuteScript - 
DEBUG: [lsi.ubu.util.ExecuteScript.run(ExecuteScript.java:59)]2026-04-28 19:08:53.152 [main] ExecuteScript - Table dropped.
DEBUG: [lsi.ubu.util.ExecuteScript.run(ExecuteScript.java:59)]2026-04-28 19:08:53.152 [main] ExecuteScript - 
DEBUG: [lsi.ubu.util.ExecuteScript.run(ExecuteScript.java:59)]2026-04-28 19:08:53.164 [main] ExecuteScript - 
DEBUG: [lsi.ubu.util.ExecuteScript.run(ExecuteScript.java:59)]2026-04-28 19:08:53.164 [main] ExecuteScript - Table dropped.
DEBUG: [lsi.ubu.util.ExecuteScript.run(ExecuteScript.java:59)]2026-04-28 19:08:53.165 [main] ExecuteScript - 
DEBUG: [lsi.ubu.util.ExecuteScript.run(ExecuteScript.java:59)]2026-04-28 19:08:53.167 [main] ExecuteScript - 
DEBUG: [lsi.ubu.util.ExecuteScript.run(ExecuteScript.java:59)]2026-04-28 19:08:53.168 [main] ExecuteScript - Sequence dropped.
DEBUG: [lsi.ubu.util.ExecuteScript.run(ExecuteScript.java:59)]2026-04-28 19:08:53.168 [main] ExecuteScript - 
DEBUG: [lsi.ubu.util.ExecuteScript.run(ExecuteScript.java:59)]2026-04-28 19:08:53.170 [main] ExecuteScript - 
DEBUG: [lsi.ubu.util.ExecuteScript.run(ExecuteScript.java:59)]2026-04-28 19:08:53.170 [main] ExecuteScript - Sequence dropped.
DEBUG: [lsi.ubu.util.ExecuteScript.run(ExecuteScript.java:59)]2026-04-28 19:08:53.170 [main] ExecuteScript - 
DEBUG: [lsi.ubu.util.ExecuteScript.run(ExecuteScript.java:59)]2026-04-28 19:08:53.172 [main] ExecuteScript - 
DEBUG: [lsi.ubu.util.ExecuteScript.run(ExecuteScript.java:59)]2026-04-28 19:08:53.173 [main] ExecuteScript - Sequence dropped.
DEBUG: [lsi.ubu.util.ExecuteScript.run(ExecuteScript.java:59)]2026-04-28 19:08:53.173 [main] ExecuteScript - 
DEBUG: [lsi.ubu.util.ExecuteScript.run(ExecuteScript.java:59)]2026-04-28 19:08:53.175 [main] ExecuteScript - 
DEBUG: [lsi.ubu.util.ExecuteScript.run(ExecuteScript.java:59)]2026-04-28 19:08:53.175 [main] ExecuteScript - Sequence dropped.
DEBUG: [lsi.ubu.util.ExecuteScript.run(ExecuteScript.java:59)]2026-04-28 19:08:53.175 [main] ExecuteScript - 
DEBUG: [lsi.ubu.util.ExecuteScript.run(ExecuteScript.java:59)]2026-04-28 19:08:53.178 [main] ExecuteScript - 
DEBUG: [lsi.ubu.util.ExecuteScript.run(ExecuteScript.java:59)]2026-04-28 19:08:53.179 [main] ExecuteScript - Sequence created.
DEBUG: [lsi.ubu.util.ExecuteScript.run(ExecuteScript.java:59)]2026-04-28 19:08:53.179 [main] ExecuteScript - 
DEBUG: [lsi.ubu.util.ExecuteScript.run(ExecuteScript.java:59)]2026-04-28 19:08:53.190 [main] ExecuteScript - 
DEBUG: [lsi.ubu.util.ExecuteScript.run(ExecuteScript.java:59)]2026-04-28 19:08:53.190 [main] ExecuteScript - Table created.
DEBUG: [lsi.ubu.util.ExecuteScript.run(ExecuteScript.java:59)]2026-04-28 19:08:53.190 [main] ExecuteScript - 
DEBUG: [lsi.ubu.util.ExecuteScript.run(ExecuteScript.java:59)]2026-04-28 19:08:53.192 [main] ExecuteScript - 
DEBUG: [lsi.ubu.util.ExecuteScript.run(ExecuteScript.java:59)]2026-04-28 19:08:53.192 [main] ExecuteScript - Sequence created.
DEBUG: [lsi.ubu.util.ExecuteScript.run(ExecuteScript.java:59)]2026-04-28 19:08:53.192 [main] ExecuteScript - 
DEBUG: [lsi.ubu.util.ExecuteScript.run(ExecuteScript.java:59)]2026-04-28 19:08:53.199 [main] ExecuteScript - 
DEBUG: [lsi.ubu.util.ExecuteScript.run(ExecuteScript.java:59)]2026-04-28 19:08:53.199 [main] ExecuteScript - Table created.
DEBUG: [lsi.ubu.util.ExecuteScript.run(ExecuteScript.java:59)]2026-04-28 19:08:53.199 [main] ExecuteScript - 
DEBUG: [lsi.ubu.util.ExecuteScript.run(ExecuteScript.java:59)]2026-04-28 19:08:53.224 [main] ExecuteScript - 
DEBUG: [lsi.ubu.util.ExecuteScript.run(ExecuteScript.java:59)]2026-04-28 19:08:53.225 [main] ExecuteScript - Table created.
DEBUG: [lsi.ubu.util.ExecuteScript.run(ExecuteScript.java:59)]2026-04-28 19:08:53.225 [main] ExecuteScript - 
DEBUG: [lsi.ubu.util.ExecuteScript.run(ExecuteScript.java:59)]2026-04-28 19:08:53.353 [main] ExecuteScript - 
DEBUG: [lsi.ubu.util.ExecuteScript.run(ExecuteScript.java:59)]2026-04-28 19:08:53.354 [main] ExecuteScript - Table created.
DEBUG: [lsi.ubu.util.ExecuteScript.run(ExecuteScript.java:59)]2026-04-28 19:08:53.354 [main] ExecuteScript - 
DEBUG: [lsi.ubu.util.ExecuteScript.run(ExecuteScript.java:59)]2026-04-28 19:08:53.358 [main] ExecuteScript - 
DEBUG: [lsi.ubu.util.ExecuteScript.run(ExecuteScript.java:59)]2026-04-28 19:08:53.358 [main] ExecuteScript - Sequence created.
DEBUG: [lsi.ubu.util.ExecuteScript.run(ExecuteScript.java:59)]2026-04-28 19:08:53.358 [main] ExecuteScript - 
DEBUG: [lsi.ubu.util.ExecuteScript.run(ExecuteScript.java:59)]2026-04-28 19:08:53.474 [main] ExecuteScript - 
DEBUG: [lsi.ubu.util.ExecuteScript.run(ExecuteScript.java:59)]2026-04-28 19:08:53.475 [main] ExecuteScript - Table created.
DEBUG: [lsi.ubu.util.ExecuteScript.run(ExecuteScript.java:59)]2026-04-28 19:08:53.475 [main] ExecuteScript - 
DEBUG: [lsi.ubu.util.ExecuteScript.run(ExecuteScript.java:59)]2026-04-28 19:08:53.480 [main] ExecuteScript - 
DEBUG: [lsi.ubu.util.ExecuteScript.run(ExecuteScript.java:59)]2026-04-28 19:08:53.480 [main] ExecuteScript - Sequence created.
DEBUG: [lsi.ubu.util.ExecuteScript.run(ExecuteScript.java:59)]2026-04-28 19:08:53.481 [main] ExecuteScript - 
DEBUG: [lsi.ubu.util.ExecuteScript.run(ExecuteScript.java:59)]2026-04-28 19:08:53.561 [main] ExecuteScript - 
DEBUG: [lsi.ubu.util.ExecuteScript.run(ExecuteScript.java:59)]2026-04-28 19:08:53.561 [main] ExecuteScript - Table created.
DEBUG: [lsi.ubu.util.ExecuteScript.run(ExecuteScript.java:59)]2026-04-28 19:08:53.561 [main] ExecuteScript - 
DEBUG: [lsi.ubu.util.ExecuteScript.run(ExecuteScript.java:59)]2026-04-28 19:08:53.562 [main] ExecuteScript - 
DEBUG: [lsi.ubu.util.ExecuteScript.run(ExecuteScript.java:59)]2026-04-28 19:08:53.562 [main] ExecuteScript - Procedure created.
DEBUG: [lsi.ubu.util.ExecuteScript.run(ExecuteScript.java:59)]2026-04-28 19:08:53.562 [main] ExecuteScript - 
DEBUG: [lsi.ubu.util.ExecuteScript.run(ExecuteScript.java:59)]2026-04-28 19:08:53.597 [main] ExecuteScript - 
DEBUG: [lsi.ubu.util.ExecuteScript.run(ExecuteScript.java:59)]2026-04-28 19:08:53.597 [main] ExecuteScript - Procedure created.
DEBUG: [lsi.ubu.util.ExecuteScript.run(ExecuteScript.java:59)]2026-04-28 19:08:53.597 [main] ExecuteScript - 
DEBUG: [lsi.ubu.util.ExecuteScript.run(ExecuteScript.java:59)]2026-04-28 19:08:53.597 [main] ExecuteScript - Disconnected from Oracle Database 11g Express Edition Release 11.2.0.2.0 - 64bit Production
INFO : [lsi.ubu.util.PoolDeConexiones.getConnection(PoolDeConexiones.java:109)]2026-04-28 19:08:54.338 [main] PoolDeConexiones - Activacion de Autocommit=false
INFO : [lsi.ubu.util.PoolDeConexiones.getConnection(PoolDeConexiones.java:117)]2026-04-28 19:08:54.339 [main] PoolDeConexiones - Activacion de Autocommit=false
Nivel de Aislamiento=TRANSACTION_READ_COMMITTED
INFO : [lsi.ubu.solucion.GestionDonacionesSangre.main(GestionDonacionesSangre.java:33)]2026-04-28 19:08:54.473 [main] GestionDonacionesSangre - Base de datos reseteada con éxito.
INFO : [lsi.ubu.solucion.GestionDonacionesSangre.main(GestionDonacionesSangre.java:35)]2026-04-28 19:08:54.473 [main] GestionDonacionesSangre - --- INICIANDO BATERÍA DE PRUEBAS ---
INFO : [lsi.ubu.tests.TestDonacionesSangre.ejecutarTodosLosTests(TestDonacionesSangre.java:21)]2026-04-28 19:08:54.474 [main] TestDonacionesSangre - Comenzando ejecución de la batería de tests...

INFO : [lsi.ubu.tests.TestDonacionesSangre.ejecutarTodosLosTests(TestDonacionesSangre.java:24)]2026-04-28 19:08:54.474 [main] TestDonacionesSangre - --- INICIANDO TESTS: realizar_donacion ---
INFO : [lsi.ubu.tests.TestDonacionesSangre.testRealizarDonacion_OK(TestDonacionesSangre.java:48)]2026-04-28 19:08:54.474 [main] TestDonacionesSangre - Ejecutando testRealizarDonacion_OK...
INFO : [lsi.ubu.util.PoolDeConexiones.getConnection(PoolDeConexiones.java:109)]2026-04-28 19:08:54.474 [main] PoolDeConexiones - Activacion de Autocommit=false
INFO : [lsi.ubu.util.PoolDeConexiones.getConnection(PoolDeConexiones.java:117)]2026-04-28 19:08:54.475 [main] PoolDeConexiones - Activacion de Autocommit=false
Nivel de Aislamiento=TRANSACTION_READ_COMMITTED
INFO : [lsi.ubu.solucion.GestionDonacionesSangre.realizar_donacion(GestionDonacionesSangre.java:137)]2026-04-28 19:08:54.540 [main] GestionDonacionesSangre - Donación realizada con éxito para el NIF: 12345678A
INFO : [lsi.ubu.tests.TestDonacionesSangre.testRealizarDonacion_OK(TestDonacionesSangre.java:57)]2026-04-28 19:08:54.541 [main] TestDonacionesSangre - -> EXITO: El test ha funcionado.

INFO : [lsi.ubu.tests.TestDonacionesSangre.testRealizarDonacion_CantidadIncorrecta(TestDonacionesSangre.java:66)]2026-04-28 19:08:54.541 [main] TestDonacionesSangre - Ejecutando testRealizarDonacion_CantidadIncorrecta...
ERROR: [lsi.ubu.servicios.GestionDonacionesSangreException.<init>(GestionDonacionesSangreException.java:65)]2026-04-28 19:08:54.547 [main] GestionDonacionesSangreException - Valor de cantidad de donación incorrecto
INFO : [lsi.ubu.servicios.GestionDonacionesSangreException.<init>(GestionDonacionesSangreException.java:69)]2026-04-28 19:08:54.548 [main] GestionDonacionesSangreException - java.base/java.lang.Thread.getStackTrace(Thread.java:2450)
INFO : [lsi.ubu.servicios.GestionDonacionesSangreException.<init>(GestionDonacionesSangreException.java:69)]2026-04-28 19:08:54.549 [main] GestionDonacionesSangreException - lsi.ubu.servicios.GestionDonacionesSangreException.<init>(GestionDonacionesSangreException.java:68)
INFO : [lsi.ubu.servicios.GestionDonacionesSangreException.<init>(GestionDonacionesSangreException.java:69)]2026-04-28 19:08:54.549 [main] GestionDonacionesSangreException - lsi.ubu.solucion.GestionDonacionesSangre.realizar_donacion(GestionDonacionesSangre.java:48)
INFO : [lsi.ubu.servicios.GestionDonacionesSangreException.<init>(GestionDonacionesSangreException.java:69)]2026-04-28 19:08:54.549 [main] GestionDonacionesSangreException - lsi.ubu.tests.TestDonacionesSangre.testRealizarDonacion_CantidadIncorrecta(TestDonacionesSangre.java:70)
INFO : [lsi.ubu.servicios.GestionDonacionesSangreException.<init>(GestionDonacionesSangreException.java:69)]2026-04-28 19:08:54.549 [main] GestionDonacionesSangreException - lsi.ubu.tests.TestDonacionesSangre.ejecutarTodosLosTests(TestDonacionesSangre.java:26)
INFO : [lsi.ubu.servicios.GestionDonacionesSangreException.<init>(GestionDonacionesSangreException.java:69)]2026-04-28 19:08:54.550 [main] GestionDonacionesSangreException - lsi.ubu.solucion.GestionDonacionesSangre.main(GestionDonacionesSangre.java:37)
INFO : [lsi.ubu.tests.TestDonacionesSangre.testRealizarDonacion_CantidadIncorrecta(TestDonacionesSangre.java:77)]2026-04-28 19:08:54.550 [main] TestDonacionesSangre - -> EXITO: Ha saltado una excepción controlada.

INFO : [lsi.ubu.tests.TestDonacionesSangre.testRealizarDonacion_DonanteNoExiste(TestDonacionesSangre.java:84)]2026-04-28 19:08:54.550 [main] TestDonacionesSangre - Ejecutando testRealizarDonacion_DonanteNoExiste...
INFO : [lsi.ubu.util.PoolDeConexiones.getConnection(PoolDeConexiones.java:109)]2026-04-28 19:08:54.550 [main] PoolDeConexiones - Activacion de Autocommit=false
INFO : [lsi.ubu.util.PoolDeConexiones.getConnection(PoolDeConexiones.java:117)]2026-04-28 19:08:54.550 [main] PoolDeConexiones - Activacion de Autocommit=false
Nivel de Aislamiento=TRANSACTION_READ_COMMITTED
ERROR: [lsi.ubu.servicios.GestionDonacionesSangreException.<init>(GestionDonacionesSangreException.java:65)]2026-04-28 19:08:54.553 [main] GestionDonacionesSangreException - Donante inexistente
INFO : [lsi.ubu.servicios.GestionDonacionesSangreException.<init>(GestionDonacionesSangreException.java:69)]2026-04-28 19:08:54.554 [main] GestionDonacionesSangreException - java.base/java.lang.Thread.getStackTrace(Thread.java:2450)
INFO : [lsi.ubu.servicios.GestionDonacionesSangreException.<init>(GestionDonacionesSangreException.java:69)]2026-04-28 19:08:54.554 [main] GestionDonacionesSangreException - lsi.ubu.servicios.GestionDonacionesSangreException.<init>(GestionDonacionesSangreException.java:68)
INFO : [lsi.ubu.servicios.GestionDonacionesSangreException.<init>(GestionDonacionesSangreException.java:69)]2026-04-28 19:08:54.554 [main] GestionDonacionesSangreException - lsi.ubu.solucion.GestionDonacionesSangre.realizar_donacion(GestionDonacionesSangre.java:79)
INFO : [lsi.ubu.servicios.GestionDonacionesSangreException.<init>(GestionDonacionesSangreException.java:69)]2026-04-28 19:08:54.554 [main] GestionDonacionesSangreException - lsi.ubu.tests.TestDonacionesSangre.testRealizarDonacion_DonanteNoExiste(TestDonacionesSangre.java:88)
INFO : [lsi.ubu.servicios.GestionDonacionesSangreException.<init>(GestionDonacionesSangreException.java:69)]2026-04-28 19:08:54.554 [main] GestionDonacionesSangreException - lsi.ubu.tests.TestDonacionesSangre.ejecutarTodosLosTests(TestDonacionesSangre.java:27)
INFO : [lsi.ubu.servicios.GestionDonacionesSangreException.<init>(GestionDonacionesSangreException.java:69)]2026-04-28 19:08:54.555 [main] GestionDonacionesSangreException - lsi.ubu.solucion.GestionDonacionesSangre.main(GestionDonacionesSangre.java:37)
INFO : [lsi.ubu.solucion.GestionDonacionesSangre.realizar_donacion(GestionDonacionesSangre.java:147)]2026-04-28 19:08:54.556 [main] GestionDonacionesSangre - Rollback ejecutado correctamente.
ERROR: [lsi.ubu.solucion.GestionDonacionesSangre.realizar_donacion(GestionDonacionesSangre.java:158)]2026-04-28 19:08:54.558 [main] GestionDonacionesSangre - Error en la transacción de donación: null
INFO : [lsi.ubu.tests.TestDonacionesSangre.testRealizarDonacion_DonanteNoExiste(TestDonacionesSangre.java:95)]2026-04-28 19:08:54.558 [main] TestDonacionesSangre - -> EXITO: Ha saltado una excepción controlada.

INFO : [lsi.ubu.tests.TestDonacionesSangre.testRealizarDonacion_HospitalNoExiste(TestDonacionesSangre.java:102)]2026-04-28 19:08:54.559 [main] TestDonacionesSangre - Ejecutando testRealizarDonacion_HospitalNoExiste...
INFO : [lsi.ubu.util.PoolDeConexiones.getConnection(PoolDeConexiones.java:109)]2026-04-28 19:08:54.559 [main] PoolDeConexiones - Activacion de Autocommit=false
INFO : [lsi.ubu.util.PoolDeConexiones.getConnection(PoolDeConexiones.java:117)]2026-04-28 19:08:54.559 [main] PoolDeConexiones - Activacion de Autocommit=false
Nivel de Aislamiento=TRANSACTION_READ_COMMITTED
ERROR: [lsi.ubu.servicios.GestionDonacionesSangreException.<init>(GestionDonacionesSangreException.java:65)]2026-04-28 19:08:54.560 [main] GestionDonacionesSangreException - Hospital ocupado
INFO : [lsi.ubu.servicios.GestionDonacionesSangreException.<init>(GestionDonacionesSangreException.java:69)]2026-04-28 19:08:54.561 [main] GestionDonacionesSangreException - java.base/java.lang.Thread.getStackTrace(Thread.java:2450)
INFO : [lsi.ubu.servicios.GestionDonacionesSangreException.<init>(GestionDonacionesSangreException.java:69)]2026-04-28 19:08:54.561 [main] GestionDonacionesSangreException - lsi.ubu.servicios.GestionDonacionesSangreException.<init>(GestionDonacionesSangreException.java:68)
INFO : [lsi.ubu.servicios.GestionDonacionesSangreException.<init>(GestionDonacionesSangreException.java:69)]2026-04-28 19:08:54.561 [main] GestionDonacionesSangreException - lsi.ubu.solucion.GestionDonacionesSangre.realizar_donacion(GestionDonacionesSangre.java:68)
INFO : [lsi.ubu.servicios.GestionDonacionesSangreException.<init>(GestionDonacionesSangreException.java:69)]2026-04-28 19:08:54.561 [main] GestionDonacionesSangreException - lsi.ubu.tests.TestDonacionesSangre.testRealizarDonacion_HospitalNoExiste(TestDonacionesSangre.java:106)
INFO : [lsi.ubu.servicios.GestionDonacionesSangreException.<init>(GestionDonacionesSangreException.java:69)]2026-04-28 19:08:54.561 [main] GestionDonacionesSangreException - lsi.ubu.tests.TestDonacionesSangre.ejecutarTodosLosTests(TestDonacionesSangre.java:28)
INFO : [lsi.ubu.servicios.GestionDonacionesSangreException.<init>(GestionDonacionesSangreException.java:69)]2026-04-28 19:08:54.561 [main] GestionDonacionesSangreException - lsi.ubu.solucion.GestionDonacionesSangre.main(GestionDonacionesSangre.java:37)
INFO : [lsi.ubu.solucion.GestionDonacionesSangre.realizar_donacion(GestionDonacionesSangre.java:147)]2026-04-28 19:08:54.562 [main] GestionDonacionesSangre - Rollback ejecutado correctamente.
ERROR: [lsi.ubu.solucion.GestionDonacionesSangre.realizar_donacion(GestionDonacionesSangre.java:158)]2026-04-28 19:08:54.562 [main] GestionDonacionesSangre - Error en la transacción de donación: null
INFO : [lsi.ubu.tests.TestDonacionesSangre.testRealizarDonacion_HospitalNoExiste(TestDonacionesSangre.java:113)]2026-04-28 19:08:54.562 [main] TestDonacionesSangre - -> EXITO: Ha saltado una excepción controlada.

INFO : [lsi.ubu.tests.TestDonacionesSangre.testRealizarDonacion_ExcedeCupo(TestDonacionesSangre.java:120)]2026-04-28 19:08:54.562 [main] TestDonacionesSangre - Ejecutando testRealizarDonacion_ExcedeCupo...
INFO : [lsi.ubu.util.PoolDeConexiones.getConnection(PoolDeConexiones.java:109)]2026-04-28 19:08:54.562 [main] PoolDeConexiones - Activacion de Autocommit=false
INFO : [lsi.ubu.util.PoolDeConexiones.getConnection(PoolDeConexiones.java:117)]2026-04-28 19:08:54.563 [main] PoolDeConexiones - Activacion de Autocommit=false
Nivel de Aislamiento=TRANSACTION_READ_COMMITTED
ERROR: [lsi.ubu.servicios.GestionDonacionesSangreException.<init>(GestionDonacionesSangreException.java:65)]2026-04-28 19:08:54.564 [main] GestionDonacionesSangreException - Donante excede el cupo de donación”.
INFO : [lsi.ubu.servicios.GestionDonacionesSangreException.<init>(GestionDonacionesSangreException.java:69)]2026-04-28 19:08:54.565 [main] GestionDonacionesSangreException - java.base/java.lang.Thread.getStackTrace(Thread.java:2450)
INFO : [lsi.ubu.servicios.GestionDonacionesSangreException.<init>(GestionDonacionesSangreException.java:69)]2026-04-28 19:08:54.566 [main] GestionDonacionesSangreException - lsi.ubu.servicios.GestionDonacionesSangreException.<init>(GestionDonacionesSangreException.java:68)
INFO : [lsi.ubu.servicios.GestionDonacionesSangreException.<init>(GestionDonacionesSangreException.java:69)]2026-04-28 19:08:54.566 [main] GestionDonacionesSangreException - lsi.ubu.solucion.GestionDonacionesSangre.realizar_donacion(GestionDonacionesSangre.java:95)
INFO : [lsi.ubu.servicios.GestionDonacionesSangreException.<init>(GestionDonacionesSangreException.java:69)]2026-04-28 19:08:54.566 [main] GestionDonacionesSangreException - lsi.ubu.tests.TestDonacionesSangre.testRealizarDonacion_ExcedeCupo(TestDonacionesSangre.java:126)
INFO : [lsi.ubu.servicios.GestionDonacionesSangreException.<init>(GestionDonacionesSangreException.java:69)]2026-04-28 19:08:54.567 [main] GestionDonacionesSangreException - lsi.ubu.tests.TestDonacionesSangre.ejecutarTodosLosTests(TestDonacionesSangre.java:29)
INFO : [lsi.ubu.servicios.GestionDonacionesSangreException.<init>(GestionDonacionesSangreException.java:69)]2026-04-28 19:08:54.567 [main] GestionDonacionesSangreException - lsi.ubu.solucion.GestionDonacionesSangre.main(GestionDonacionesSangre.java:37)
INFO : [lsi.ubu.solucion.GestionDonacionesSangre.realizar_donacion(GestionDonacionesSangre.java:147)]2026-04-28 19:08:54.567 [main] GestionDonacionesSangre - Rollback ejecutado correctamente.
ERROR: [lsi.ubu.solucion.GestionDonacionesSangre.realizar_donacion(GestionDonacionesSangre.java:158)]2026-04-28 19:08:54.567 [main] GestionDonacionesSangre - Error en la transacción de donación: null
INFO : [lsi.ubu.tests.TestDonacionesSangre.testRealizarDonacion_ExcedeCupo(TestDonacionesSangre.java:134)]2026-04-28 19:08:54.567 [main] TestDonacionesSangre - -> EXITO: Se ha lanzado excepción.

INFO : [lsi.ubu.tests.TestDonacionesSangre.ejecutarTodosLosTests(TestDonacionesSangre.java:32)]2026-04-28 19:08:54.567 [main] TestDonacionesSangre - 
--- INICIANDO TESTS: anular_traspaso ---
INFO : [lsi.ubu.tests.TestDonacionesSangre.testAnularTraspaso_OK(TestDonacionesSangre.java:143)]2026-04-28 19:08:54.567 [main] TestDonacionesSangre - Ejecutando testAnularTraspaso_OK...
INFO : [lsi.ubu.util.PoolDeConexiones.getConnection(PoolDeConexiones.java:109)]2026-04-28 19:08:54.568 [main] PoolDeConexiones - Activacion de Autocommit=false
INFO : [lsi.ubu.util.PoolDeConexiones.getConnection(PoolDeConexiones.java:117)]2026-04-28 19:08:54.568 [main] PoolDeConexiones - Activacion de Autocommit=false
Nivel de Aislamiento=TRANSACTION_READ_COMMITTED
INFO : [lsi.ubu.solucion.GestionDonacionesSangre.anular_traspaso(GestionDonacionesSangre.java:294)]2026-04-28 19:08:54.573 [main] GestionDonacionesSangre - Rollback ejecutado correctamente.
ERROR: [lsi.ubu.solucion.GestionDonacionesSangre.anular_traspaso(GestionDonacionesSangre.java:304)]2026-04-28 19:08:54.574 [main] GestionDonacionesSangre - Error en anular_traspaso: El traspaso que se intenta anular no existe en la base de datos.
ERROR: [lsi.ubu.tests.TestDonacionesSangre.testAnularTraspaso_OK(TestDonacionesSangre.java:156)]2026-04-28 19:08:54.574 [main] TestDonacionesSangre - -> FALLO: Excepción inesperada.

INFO : [lsi.ubu.tests.TestDonacionesSangre.testAnularTraspaso_TipoSangreNoExiste(TestDonacionesSangre.java:161)]2026-04-28 19:08:54.574 [main] TestDonacionesSangre - Ejecutando testAnularTraspaso_TipoSangreNoExiste...
INFO : [lsi.ubu.util.PoolDeConexiones.getConnection(PoolDeConexiones.java:109)]2026-04-28 19:08:54.574 [main] PoolDeConexiones - Activacion de Autocommit=false
INFO : [lsi.ubu.util.PoolDeConexiones.getConnection(PoolDeConexiones.java:117)]2026-04-28 19:08:54.575 [main] PoolDeConexiones - Activacion de Autocommit=false
Nivel de Aislamiento=TRANSACTION_READ_COMMITTED
ERROR: [lsi.ubu.servicios.GestionDonacionesSangreException.<init>(GestionDonacionesSangreException.java:65)]2026-04-28 19:08:54.575 [main] GestionDonacionesSangreException - Tipo Sangre inexistente
INFO : [lsi.ubu.servicios.GestionDonacionesSangreException.<init>(GestionDonacionesSangreException.java:69)]2026-04-28 19:08:54.575 [main] GestionDonacionesSangreException - java.base/java.lang.Thread.getStackTrace(Thread.java:2450)
INFO : [lsi.ubu.servicios.GestionDonacionesSangreException.<init>(GestionDonacionesSangreException.java:69)]2026-04-28 19:08:54.575 [main] GestionDonacionesSangreException - lsi.ubu.servicios.GestionDonacionesSangreException.<init>(GestionDonacionesSangreException.java:68)
INFO : [lsi.ubu.servicios.GestionDonacionesSangreException.<init>(GestionDonacionesSangreException.java:69)]2026-04-28 19:08:54.575 [main] GestionDonacionesSangreException - lsi.ubu.solucion.GestionDonacionesSangre.anular_traspaso(GestionDonacionesSangre.java:200)
INFO : [lsi.ubu.servicios.GestionDonacionesSangreException.<init>(GestionDonacionesSangreException.java:69)]2026-04-28 19:08:54.575 [main] GestionDonacionesSangreException - lsi.ubu.tests.TestDonacionesSangre.testAnularTraspaso_TipoSangreNoExiste(TestDonacionesSangre.java:166)
INFO : [lsi.ubu.servicios.GestionDonacionesSangreException.<init>(GestionDonacionesSangreException.java:69)]2026-04-28 19:08:54.576 [main] GestionDonacionesSangreException - lsi.ubu.tests.TestDonacionesSangre.ejecutarTodosLosTests(TestDonacionesSangre.java:34)
INFO : [lsi.ubu.servicios.GestionDonacionesSangreException.<init>(GestionDonacionesSangreException.java:69)]2026-04-28 19:08:54.576 [main] GestionDonacionesSangreException - lsi.ubu.solucion.GestionDonacionesSangre.main(GestionDonacionesSangre.java:37)
INFO : [lsi.ubu.solucion.GestionDonacionesSangre.anular_traspaso(GestionDonacionesSangre.java:294)]2026-04-28 19:08:54.576 [main] GestionDonacionesSangre - Rollback ejecutado correctamente.
ERROR: [lsi.ubu.solucion.GestionDonacionesSangre.anular_traspaso(GestionDonacionesSangre.java:304)]2026-04-28 19:08:54.576 [main] GestionDonacionesSangre - Error en anular_traspaso: null
INFO : [lsi.ubu.tests.TestDonacionesSangre.testAnularTraspaso_TipoSangreNoExiste(TestDonacionesSangre.java:173)]2026-04-28 19:08:54.576 [main] TestDonacionesSangre - -> EXITO: Excepción capturada.

INFO : [lsi.ubu.tests.TestDonacionesSangre.testAnularTraspaso_HospitalNoExiste(TestDonacionesSangre.java:180)]2026-04-28 19:08:54.576 [main] TestDonacionesSangre - Ejecutando testAnularTraspaso_HospitalNoExiste...
INFO : [lsi.ubu.util.PoolDeConexiones.getConnection(PoolDeConexiones.java:109)]2026-04-28 19:08:54.577 [main] PoolDeConexiones - Activacion de Autocommit=false
INFO : [lsi.ubu.util.PoolDeConexiones.getConnection(PoolDeConexiones.java:117)]2026-04-28 19:08:54.578 [main] PoolDeConexiones - Activacion de Autocommit=false
Nivel de Aislamiento=TRANSACTION_READ_COMMITTED
ERROR: [lsi.ubu.servicios.GestionDonacionesSangreException.<init>(GestionDonacionesSangreException.java:65)]2026-04-28 19:08:54.579 [main] GestionDonacionesSangreException - Hospital ocupado
INFO : [lsi.ubu.servicios.GestionDonacionesSangreException.<init>(GestionDonacionesSangreException.java:69)]2026-04-28 19:08:54.579 [main] GestionDonacionesSangreException - java.base/java.lang.Thread.getStackTrace(Thread.java:2450)
INFO : [lsi.ubu.servicios.GestionDonacionesSangreException.<init>(GestionDonacionesSangreException.java:69)]2026-04-28 19:08:54.579 [main] GestionDonacionesSangreException - lsi.ubu.servicios.GestionDonacionesSangreException.<init>(GestionDonacionesSangreException.java:68)
INFO : [lsi.ubu.servicios.GestionDonacionesSangreException.<init>(GestionDonacionesSangreException.java:69)]2026-04-28 19:08:54.579 [main] GestionDonacionesSangreException - lsi.ubu.solucion.GestionDonacionesSangre.anular_traspaso(GestionDonacionesSangre.java:210)
INFO : [lsi.ubu.servicios.GestionDonacionesSangreException.<init>(GestionDonacionesSangreException.java:69)]2026-04-28 19:08:54.579 [main] GestionDonacionesSangreException - lsi.ubu.tests.TestDonacionesSangre.testAnularTraspaso_HospitalNoExiste(TestDonacionesSangre.java:185)
INFO : [lsi.ubu.servicios.GestionDonacionesSangreException.<init>(GestionDonacionesSangreException.java:69)]2026-04-28 19:08:54.579 [main] GestionDonacionesSangreException - lsi.ubu.tests.TestDonacionesSangre.ejecutarTodosLosTests(TestDonacionesSangre.java:35)
INFO : [lsi.ubu.servicios.GestionDonacionesSangreException.<init>(GestionDonacionesSangreException.java:69)]2026-04-28 19:08:54.579 [main] GestionDonacionesSangreException - lsi.ubu.solucion.GestionDonacionesSangre.main(GestionDonacionesSangre.java:37)
INFO : [lsi.ubu.solucion.GestionDonacionesSangre.anular_traspaso(GestionDonacionesSangre.java:294)]2026-04-28 19:08:54.580 [main] GestionDonacionesSangre - Rollback ejecutado correctamente.
ERROR: [lsi.ubu.solucion.GestionDonacionesSangre.anular_traspaso(GestionDonacionesSangre.java:304)]2026-04-28 19:08:54.580 [main] GestionDonacionesSangre - Error en anular_traspaso: null
ERROR: [lsi.ubu.tests.TestDonacionesSangre.testAnularTraspaso_HospitalNoExiste(TestDonacionesSangre.java:195)]2026-04-28 19:08:54.580 [main] TestDonacionesSangre - -> FALLO: Excepción incorrecta.

INFO : [lsi.ubu.tests.TestDonacionesSangre.testAnularTraspaso_TraspasoNoExiste(TestDonacionesSangre.java:203)]2026-04-28 19:08:54.580 [main] TestDonacionesSangre - Ejecutando testAnularTraspaso_TraspasoNoExiste...
INFO : [lsi.ubu.util.PoolDeConexiones.getConnection(PoolDeConexiones.java:109)]2026-04-28 19:08:54.581 [main] PoolDeConexiones - Activacion de Autocommit=false
INFO : [lsi.ubu.util.PoolDeConexiones.getConnection(PoolDeConexiones.java:117)]2026-04-28 19:08:54.581 [main] PoolDeConexiones - Activacion de Autocommit=false
Nivel de Aislamiento=TRANSACTION_READ_COMMITTED
INFO : [lsi.ubu.solucion.GestionDonacionesSangre.anular_traspaso(GestionDonacionesSangre.java:294)]2026-04-28 19:08:54.582 [main] GestionDonacionesSangre - Rollback ejecutado correctamente.
ERROR: [lsi.ubu.solucion.GestionDonacionesSangre.anular_traspaso(GestionDonacionesSangre.java:304)]2026-04-28 19:08:54.582 [main] GestionDonacionesSangre - Error en anular_traspaso: El traspaso que se intenta anular no existe en la base de datos.
INFO : [lsi.ubu.tests.TestDonacionesSangre.testAnularTraspaso_TraspasoNoExiste(TestDonacionesSangre.java:216)]2026-04-28 19:08:54.582 [main] TestDonacionesSangre - -> EXITO: Error SQL capturado.

INFO : [lsi.ubu.tests.TestDonacionesSangre.ejecutarTodosLosTests(TestDonacionesSangre.java:39)]2026-04-28 19:08:54.583 [main] TestDonacionesSangre - 
--- INICIANDO TESTS: consulta_traspasos ---
INFO : [lsi.ubu.tests.TestDonacionesSangre.testConsultaTraspasos_OK(TestDonacionesSangre.java:222)]2026-04-28 19:08:54.583 [main] TestDonacionesSangre - Ejecutando testConsultaTraspasos_OK...
INFO : [lsi.ubu.util.PoolDeConexiones.getConnection(PoolDeConexiones.java:109)]2026-04-28 19:08:54.583 [main] PoolDeConexiones - Activacion de Autocommit=false
INFO : [lsi.ubu.util.PoolDeConexiones.getConnection(PoolDeConexiones.java:117)]2026-04-28 19:08:54.583 [main] PoolDeConexiones - Activacion de Autocommit=false
Nivel de Aislamiento=TRANSACTION_READ_COMMITTED
ERROR: [lsi.ubu.servicios.GestionDonacionesSangreException.<init>(GestionDonacionesSangreException.java:65)]2026-04-28 19:08:54.585 [main] GestionDonacionesSangreException - Tipo Sangre inexistente
INFO : [lsi.ubu.servicios.GestionDonacionesSangreException.<init>(GestionDonacionesSangreException.java:69)]2026-04-28 19:08:54.585 [main] GestionDonacionesSangreException - java.base/java.lang.Thread.getStackTrace(Thread.java:2450)
INFO : [lsi.ubu.servicios.GestionDonacionesSangreException.<init>(GestionDonacionesSangreException.java:69)]2026-04-28 19:08:54.585 [main] GestionDonacionesSangreException - lsi.ubu.servicios.GestionDonacionesSangreException.<init>(GestionDonacionesSangreException.java:68)
INFO : [lsi.ubu.servicios.GestionDonacionesSangreException.<init>(GestionDonacionesSangreException.java:69)]2026-04-28 19:08:54.585 [main] GestionDonacionesSangreException - lsi.ubu.solucion.GestionDonacionesSangre.consulta_traspasos(GestionDonacionesSangre.java:347)
INFO : [lsi.ubu.servicios.GestionDonacionesSangreException.<init>(GestionDonacionesSangreException.java:69)]2026-04-28 19:08:54.585 [main] GestionDonacionesSangreException - lsi.ubu.tests.TestDonacionesSangre.testConsultaTraspasos_OK(TestDonacionesSangre.java:225)
INFO : [lsi.ubu.servicios.GestionDonacionesSangreException.<init>(GestionDonacionesSangreException.java:69)]2026-04-28 19:08:54.586 [main] GestionDonacionesSangreException - lsi.ubu.tests.TestDonacionesSangre.ejecutarTodosLosTests(TestDonacionesSangre.java:40)
INFO : [lsi.ubu.servicios.GestionDonacionesSangreException.<init>(GestionDonacionesSangreException.java:69)]2026-04-28 19:08:54.586 [main] GestionDonacionesSangreException - lsi.ubu.solucion.GestionDonacionesSangre.main(GestionDonacionesSangre.java:37)
INFO : [lsi.ubu.solucion.GestionDonacionesSangre.consulta_traspasos(GestionDonacionesSangre.java:390)]2026-04-28 19:08:54.586 [main] GestionDonacionesSangre - Rollback ejecutado correctamente.
ERROR: [lsi.ubu.solucion.GestionDonacionesSangre.consulta_traspasos(GestionDonacionesSangre.java:400)]2026-04-28 19:08:54.586 [main] GestionDonacionesSangre - Error en consulta_traspasos: null
ERROR: [lsi.ubu.tests.TestDonacionesSangre.testConsultaTraspasos_OK(TestDonacionesSangre.java:231)]2026-04-28 19:08:54.586 [main] TestDonacionesSangre - -> FALLO: Excepción de negocio inesperada.

INFO : [lsi.ubu.tests.TestDonacionesSangre.testConsultaTraspasos_TipoSangreNoExiste(TestDonacionesSangre.java:238)]2026-04-28 19:08:54.587 [main] TestDonacionesSangre - Ejecutando testConsultaTraspasos_TipoSangreNoExiste...
INFO : [lsi.ubu.util.PoolDeConexiones.getConnection(PoolDeConexiones.java:109)]2026-04-28 19:08:54.587 [main] PoolDeConexiones - Activacion de Autocommit=false
INFO : [lsi.ubu.util.PoolDeConexiones.getConnection(PoolDeConexiones.java:117)]2026-04-28 19:08:54.587 [main] PoolDeConexiones - Activacion de Autocommit=false
Nivel de Aislamiento=TRANSACTION_READ_COMMITTED
ERROR: [lsi.ubu.servicios.GestionDonacionesSangreException.<init>(GestionDonacionesSangreException.java:65)]2026-04-28 19:08:54.589 [main] GestionDonacionesSangreException - Tipo Sangre inexistente
INFO : [lsi.ubu.servicios.GestionDonacionesSangreException.<init>(GestionDonacionesSangreException.java:69)]2026-04-28 19:08:54.589 [main] GestionDonacionesSangreException - java.base/java.lang.Thread.getStackTrace(Thread.java:2450)
INFO : [lsi.ubu.servicios.GestionDonacionesSangreException.<init>(GestionDonacionesSangreException.java:69)]2026-04-28 19:08:54.589 [main] GestionDonacionesSangreException - lsi.ubu.servicios.GestionDonacionesSangreException.<init>(GestionDonacionesSangreException.java:68)
INFO : [lsi.ubu.servicios.GestionDonacionesSangreException.<init>(GestionDonacionesSangreException.java:69)]2026-04-28 19:08:54.589 [main] GestionDonacionesSangreException - lsi.ubu.solucion.GestionDonacionesSangre.consulta_traspasos(GestionDonacionesSangre.java:347)
INFO : [lsi.ubu.servicios.GestionDonacionesSangreException.<init>(GestionDonacionesSangreException.java:69)]2026-04-28 19:08:54.590 [main] GestionDonacionesSangreException - lsi.ubu.tests.TestDonacionesSangre.testConsultaTraspasos_TipoSangreNoExiste(TestDonacionesSangre.java:241)
INFO : [lsi.ubu.servicios.GestionDonacionesSangreException.<init>(GestionDonacionesSangreException.java:69)]2026-04-28 19:08:54.590 [main] GestionDonacionesSangreException - lsi.ubu.tests.TestDonacionesSangre.ejecutarTodosLosTests(TestDonacionesSangre.java:41)
INFO : [lsi.ubu.servicios.GestionDonacionesSangreException.<init>(GestionDonacionesSangreException.java:69)]2026-04-28 19:08:54.590 [main] GestionDonacionesSangreException - lsi.ubu.solucion.GestionDonacionesSangre.main(GestionDonacionesSangre.java:37)
INFO : [lsi.ubu.solucion.GestionDonacionesSangre.consulta_traspasos(GestionDonacionesSangre.java:390)]2026-04-28 19:08:54.590 [main] GestionDonacionesSangre - Rollback ejecutado correctamente.
ERROR: [lsi.ubu.solucion.GestionDonacionesSangre.consulta_traspasos(GestionDonacionesSangre.java:400)]2026-04-28 19:08:54.590 [main] GestionDonacionesSangre - Error en consulta_traspasos: null
INFO : [lsi.ubu.tests.TestDonacionesSangre.testConsultaTraspasos_TipoSangreNoExiste(TestDonacionesSangre.java:248)]2026-04-28 19:08:54.590 [main] TestDonacionesSangre - -> EXITO: Excepción capturada.

INFO : [lsi.ubu.tests.TestDonacionesSangre.ejecutarTodosLosTests(TestDonacionesSangre.java:43)]2026-04-28 19:08:54.590 [main] TestDonacionesSangre - 
Batería de tests finalizada.
INFO : [lsi.ubu.solucion.GestionDonacionesSangre.main(GestionDonacionesSangre.java:39)]2026-04-28 19:08:54.590 [main] GestionDonacionesSangre - FIN.............
